#
# A fatal error has been detected by the Java Runtime Environment:
#
#  EXCEPTION_ACCESS_VIOLATION (0xc0000005) at pc=0x00007ffed1141697, pid=11652, tid=3804
#
# JRE version: Java(TM) SE Runtime Environment (14.0.2+12) (build 14.0.2+12-46)
# Java VM: Java HotSpot(TM) 64-Bit Server VM (14.0.2+12-46, mixed mode, sharing, tiered, compressed oops, g1 gc, windows-amd64)
# Problematic frame:
# V  [jvm.dll+0x621697]
#
# No core dump will be written. Minidumps are not enabled by default on client versions of Windows
#
# If you would like to submit a bug report, please visit:
#   https://bugreport.java.com/bugreport/crash.jsp
#

---------------  S U M M A R Y ------------

Command Line: --add-opens=java.base/java.util=ALL-UNNAMED --add-opens=java.base/java.lang=ALL-UNNAMED --add-opens=java.base/java.lang.invoke=ALL-UNNAMED --add-opens=java.prefs/java.util.prefs=ALL-UNNAMED -XX:MaxMetaspaceSize=256m -XX:+HeapDumpOnOutOfMemoryError -Xms256m -Xmx512m -Dfile.encoding=windows-1252 -Duser.country=US -Duser.language=en -Duser.variant org.gradle.launcher.daemon.bootstrap.GradleDaemon 6.7

Host: Intel(R) Core(TM) i7-5600U CPU @ 2.60GHz, 4 cores, 15G,  Windows 10 , 64 bit Build 18362 (10.0.18362.329)
Time: Fri Apr 30 22:13:55 2021 Eastern Daylight Time elapsed time: 29 seconds (0d 0h 0m 29s)

---------------  T H R E A D  ---------------

Current thread (0x0000025ffe3f0000):  JavaThread "C2 CompilerThread1" daemon [_thread_in_native, id=3804, stack(0x000000eeb6900000,0x000000eeb6a00000)]


Current CompileTask:
C2:  29035 5588       4       org.objectweb.asm.ClassReader::readCode (5089 bytes)

Stack: [0x000000eeb6900000,0x000000eeb6a00000],  sp=0x000000eeb69fbb30,  free space=1006k
Native frames: (J=compiled Java code, j=interpreted, Vv=VM code, C=native code)
V  [jvm.dll+0x621697]
V  [jvm.dll+0x18cecc]
V  [jvm.dll+0x1e5efa]
V  [jvm.dll+0x1e50b8]
V  [jvm.dll+0x1779cc]
V  [jvm.dll+0x1f4105]
V  [jvm.dll+0x1f22eb]
V  [jvm.dll+0x7070cd]
V  [jvm.dll+0x6ffeda]
V  [jvm.dll+0x5f78f6]
C  [ucrtbase.dll+0x20e72]
C  [KERNEL32.DLL+0x17bd4]
C  [ntdll.dll+0x6ced1]


siginfo: EXCEPTION_ACCESS_VIOLATION (0xc0000005), reading address 0x0000025ded22f640


Register to memory mapping:

RIP=0x00007ffed1141697 jvm.dll
RAX=0x0000025fa4567060 points into unknown readable memory: 00 00 00 00 00 00 00 00
RBX=0x0000025f92332020 points into unknown readable memory: 38 20 33 92 5f 02 00 00
RCX=0xffffffff92332178 is an unknown value
RDX=0x0 is NULL
RSP=0x000000eeb69fbb30 is pointing into the stack for thread: 0x0000025ffe3f0000
RBP=0x000000eeb69fbc30 is pointing into the stack for thread: 0x0000025ffe3f0000
RSI=0x0000025fa8aa6060 points into unknown readable memory: c0 5b 5c 92 5f 02 00 00
RDI=0x0000025f9a2302b8 points into unknown readable memory: e8 2a 33 d1 fe 7f 00 00
R8 =0x0000000000000021 is an unknown value
R9 =0x0000025fa6438410 points into unknown readable memory: 20 7e 33 d1 fe 7f 00 00
R10=0x000000eeb69fc1e0 is pointing into the stack for thread: 0x0000025ffe3f0000
R11=0x0000025fa64381c0 points into unknown readable memory: 20 7e 33 d1 fe 7f 00 00
R12=0x000000000000001b is an unknown value
R13=0x0000000000000008 is an unknown value
R14=0x0000025fa8aa60a0 points into unknown readable memory: c0 5b 5c 92 5f 02 00 00
R15=0x0 is NULL


Registers:
RAX=0x0000025fa4567060, RBX=0x0000025f92332020, RCX=0xffffffff92332178, RDX=0x0000000000000000
RSP=0x000000eeb69fbb30, RBP=0x000000eeb69fbc30, RSI=0x0000025fa8aa6060, RDI=0x0000025f9a2302b8
R8 =0x0000000000000021, R9 =0x0000025fa6438410, R10=0x000000eeb69fc1e0, R11=0x0000025fa64381c0
R12=0x000000000000001b, R13=0x0000000000000008, R14=0x0000025fa8aa60a0, R15=0x0000000000000000
RIP=0x00007ffed1141697, EFLAGS=0x0000000000010287

Top of Stack: (sp=0x000000eeb69fbb30)
0x000000eeb69fbb30:   0000000000000000 0000025f92336438
0x000000eeb69fbb40:   000000ee00000003 0000025fa643a210
0x000000eeb69fbb50:   0000025f8f9e0950 0000025f8f9e0910
0x000000eeb69fbb60:   0000000000000001 00007ffe0000001c
0x000000eeb69fbb70:   0000025f0000001b 0000025fa64381c0
0x000000eeb69fbb80:   0000025fa6438410 0000000000000000
0x000000eeb69fbb90:   0000004000000004 0000000000000000
0x000000eeb69fbba0:   0000025f00000008 0000025f8f9c9f00
0x000000eeb69fbbb0:   0000025f000003b9 0000025fa62cdba0
0x000000eeb69fbbc0:   0000025fa62ca020 00000000000000d8
0x000000eeb69fbbd0:   0000025faa2d3178 0000025faa2d3468
0x000000eeb69fbbe0:   0000025faea61ba0 0000025f925c5bc0
0x000000eeb69fbbf0:   0000025ffe3cca70 0000025ffe3d16a0
0x000000eeb69fbc00:   0000025ffe3d4a58 00000000002ed270
0x000000eeb69fbc10:   0000000000000000 0000000000000000
0x000000eeb69fbc20:   0000000000000000 0000000000000000 

Instructions: (pc=0x00007ffed1141697)
0x00007ffed1141597:   48 45 8b 42 28 44 3b c3 76 33 45 8b 4a 18 8d 53
0x00007ffed11415a7:   07 41 3b d9 73 0a 49 8b 42 20 48 8b 0c 02 eb 02
0x00007ffed11415b7:   33 c9 0f b6 41 2c 24 0f 3c 0c 75 0b ff c3 48 83
0x00007ffed11415c7:   c2 08 41 3b d8 72 da 89 9d 60 01 00 00 40 32 ff
0x00007ffed11415d7:   45 33 ff be 01 00 00 00 40 88 bd 58 01 00 00 49
0x00007ffed11415e7:   8b ca 4c 89 7c 24 58 89 b5 68 01 00 00 e8 f7 08
0x00007ffed11415f7:   ae ff 3b c6 0f 86 28 04 00 00 4c 8b 5c 24 48 41
0x00007ffed1141607:   83 7b 18 00 76 09 49 8b 43 20 48 8b 08 eb 02 33
0x00007ffed1141617:   c9 4c 8b 95 50 01 00 00 41 bc 01 00 00 00 8b c6
0x00007ffed1141627:   44 89 64 24 40 4c 8d 2c c5 00 00 00 00 48 8b 41
0x00007ffed1141637:   08 4a 8b 0c 28 49 8b 42 48 8b 51 28 48 8b 48 78
0x00007ffed1141647:   4c 8b 0c d1 4c 89 4c 24 50 41 3b dc 0f 86 5c 01
0x00007ffed1141657:   00 00 b9 08 00 00 00 48 89 4d 98 45 3b 63 18 73
0x00007ffed1141667:   0a 49 8b 43 20 48 8b 3c 01 eb 02 33 ff 41 8b 41
0x00007ffed1141677:   4c 48 8b 4d 88 4d 8b 34 c6 48 8b 34 c1 48 8b 47
0x00007ffed1141687:   08 4a 8b 1c 28 49 8b 82 20 01 00 00 48 63 4b 28
0x00007ffed1141697:   8b 0c 88 49 8b 42 70 48 69 d1 a8 00 00 00 48 8b
0x00007ffed11416a7:   48 20 0f b7 43 2e 44 8b 7c 0a 30 83 e0 01 0f 84
0x00007ffed11416b7:   ca 00 00 00 44 8b a5 68 01 00 00 0f 1f 40 00 66
0x00007ffed11416c7:   66 0f 1f 84 00 00 00 00 00 8b c8 48 8b 43 08 48
0x00007ffed11416d7:   8b 1c c8 48 85 db 75 30 4c 8d 0d 52 c1 27 00 ba
0x00007ffed11416e7:   f3 00 00 00 4c 8d 05 de c1 27 00 48 8d 0d 7f c1
0x00007ffed11416f7:   27 00 e8 b2 ba be ff e8 ed 6e fd ff 4c 8b 95 50
0x00007ffed1141707:   01 00 00 4c 8b 5c 24 48 49 8b 82 20 01 00 00 48
0x00007ffed1141717:   63 4b 28 8b 0c 88 49 8b 42 70 48 69 d1 a8 00 00
0x00007ffed1141727:   00 48 8b 48 20 44 39 7c 0a 30 75 43 48 89 74 24
0x00007ffed1141737:   30 4c 8b cb 4c 89 74 24 28 45 8b c4 48 8b d7 4c
0x00007ffed1141747:   89 5c 24 20 49 8b ca e8 fd 13 00 00 48 8b 47 08
0x00007ffed1141757:   4c 8b 95 50 01 00 00 4a 39 1c 28 75 12 0f b7 43
0x00007ffed1141767:   2e 4c 8b 5c 24 48 83 e0 01 0f 85 5a ff ff ff 44
0x00007ffed1141777:   8b 64 24 40 4c 8b 4c 24 50 4c 8b 5c 24 48 48 8b
0x00007ffed1141787:   4d 98 41 ff c4 4c 8b 75 90 48 83 c1 08 44 89 64 


Stack slot to memory mapping:
stack at sp + 0 slots: 0x0 is NULL
stack at sp + 1 slots: 0x0000025f92336438 points into unknown readable memory: a0 02 2e d1 fe 7f 00 00
stack at sp + 2 slots: 0x000000ee00000003 is an unknown value
stack at sp + 3 slots: 0x0000025fa643a210 points into unknown readable memory: 20 7e 33 d1 fe 7f 00 00
stack at sp + 4 slots: 0x0000025f8f9e0950 points into unknown readable memory: c0 5b 5c 92 5f 02 00 00
stack at sp + 5 slots: 0x0000025f8f9e0910 points into unknown readable memory: c0 5b 5c 92 5f 02 00 00
stack at sp + 6 slots: 0x0000000000000001 is an unknown value
stack at sp + 7 slots: 0x00007ffe0000001c is an unknown value


---------------  P R O C E S S  ---------------

Threads class SMR info:
_java_thread_list=0x0000025f91d59f20, length=48, elements={
0x0000025ff191e800, 0x0000025ffd89b800, 0x0000025ffd89d000, 0x0000025ffd8b8800,
0x0000025ffd8ba800, 0x0000025ffd8bc000, 0x0000025ffd8c3000, 0x0000025ffd8c5800,
0x0000025ffd8cb000, 0x0000025ffe306000, 0x0000025ffe311800, 0x0000025fff650000,
0x0000025fffcf6800, 0x0000025f8f118000, 0x0000025f8f037800, 0x0000025fff531000,
0x0000025fffc5e800, 0x0000025fffc5f800, 0x0000025fffc5d000, 0x0000025fffc5b000,
0x0000025f8f24f800, 0x0000025f8f251800, 0x0000025f8f253000, 0x0000025f8f253800,
0x0000025f8f254800, 0x0000025f8f255800, 0x0000025f8f256000, 0x0000025f8f250800,
0x0000025f8f25c000, 0x0000025f8f25c800, 0x0000025f8f258000, 0x0000025f8f25b000,
0x0000025f8f258800, 0x0000025f8f257000, 0x0000025f8f25e800, 0x0000025f8f259800,
0x0000025f8f25d800, 0x0000025f8f25a800, 0x0000025fffc60000, 0x0000025fffc5c000,
0x0000025fffc5d800, 0x0000025fffc5a800, 0x0000025fffc61000, 0x0000025ffe3f1000,
0x0000025ffe3ee800, 0x0000025ffe3f1800, 0x0000025ffe3ed800, 0x0000025ffe3f0000
}

Java Threads: ( => current thread )
  0x0000025ff191e800 JavaThread "main" [_thread_blocked, id=6784, stack(0x000000eeb2c00000,0x000000eeb2d00000)]
  0x0000025ffd89b800 JavaThread "Reference Handler" daemon [_thread_blocked, id=11876, stack(0x000000eeb3300000,0x000000eeb3400000)]
  0x0000025ffd89d000 JavaThread "Finalizer" daemon [_thread_blocked, id=2064, stack(0x000000eeb3400000,0x000000eeb3500000)]
  0x0000025ffd8b8800 JavaThread "Signal Dispatcher" daemon [_thread_blocked, id=8144, stack(0x000000eeb3500000,0x000000eeb3600000)]
  0x0000025ffd8ba800 JavaThread "Attach Listener" daemon [_thread_blocked, id=2688, stack(0x000000eeb3600000,0x000000eeb3700000)]
  0x0000025ffd8bc000 JavaThread "Service Thread" daemon [_thread_blocked, id=1344, stack(0x000000eeb3700000,0x000000eeb3800000)]
  0x0000025ffd8c3000 JavaThread "C2 CompilerThread0" daemon [_thread_in_native, id=10748, stack(0x000000eeb3800000,0x000000eeb3900000)]
  0x0000025ffd8c5800 JavaThread "C1 CompilerThread0" daemon [_thread_blocked, id=3584, stack(0x000000eeb3900000,0x000000eeb3a00000)]
  0x0000025ffd8cb000 JavaThread "Sweeper thread" daemon [_thread_blocked, id=4704, stack(0x000000eeb3a00000,0x000000eeb3b00000)]
  0x0000025ffe306000 JavaThread "Common-Cleaner" daemon [_thread_blocked, id=9760, stack(0x000000eeb3b00000,0x000000eeb3c00000)]
  0x0000025ffe311800 JavaThread "Notification Thread" daemon [_thread_blocked, id=10724, stack(0x000000eeb3c00000,0x000000eeb3d00000)]
  0x0000025fff650000 JavaThread "Daemon health stats" [_thread_blocked, id=7000, stack(0x000000eeb4200000,0x000000eeb4300000)]
  0x0000025fffcf6800 JavaThread "Incoming local TCP Connector on port 52209" [_thread_in_native, id=13356, stack(0x000000eeb4500000,0x000000eeb4600000)]
  0x0000025f8f118000 JavaThread "Daemon periodic checks" [_thread_blocked, id=3488, stack(0x000000eeb4600000,0x000000eeb4700000)]
  0x0000025f8f037800 JavaThread "Daemon" [_thread_blocked, id=10640, stack(0x000000eeb4700000,0x000000eeb4800000)]
  0x0000025fff531000 JavaThread "Daemon worker" [_thread_blocked, id=13332, stack(0x000000eeb4900000,0x000000eeb4a00000)]
  0x0000025fffc5e800 JavaThread "Cache worker for file hash cache (C:\Users\Administrator\.gradle\caches\6.7\fileHashes)" [_thread_blocked, id=5428, stack(0x000000eeb4d00000,0x000000eeb4e00000)]
  0x0000025fffc5f800 JavaThread "File lock request listener" [_thread_in_native, id=4080, stack(0x000000eeb4e00000,0x000000eeb4f00000)]
  0x0000025fffc5d000 JavaThread "Cache worker for journal cache (C:\Users\Administrator\.gradle\caches\journal-1)" [_thread_blocked, id=7068, stack(0x000000eeb4f00000,0x000000eeb5000000)]
  0x0000025fffc5b000 JavaThread "Cache worker for execution history cache (C:\Users\Administrator\.gradle\caches\6.7\executionHistory)" [_thread_blocked, id=13972, stack(0x000000eeb5500000,0x000000eeb5600000)]
  0x0000025f8f24f800 JavaThread "jar transforms" [_thread_blocked, id=4420, stack(0x000000eeb5600000,0x000000eeb5700000)]
  0x0000025f8f251800 JavaThread "Cache worker for file content cache (C:\Users\Administrator\.gradle\caches\6.7\fileContent)" [_thread_blocked, id=1264, stack(0x000000eeb5000000,0x000000eeb5100000)]
  0x0000025f8f253000 JavaThread "Handler for socket connection from /127.0.0.1:52209 to /127.0.0.1:52227" [_thread_in_native, id=5068, stack(0x000000eeb3e00000,0x000000eeb3f00000)]
  0x0000025f8f253800 JavaThread "Cancel handler" [_thread_blocked, id=10060, stack(0x000000eeb4800000,0x000000eeb4900000)]
  0x0000025f8f254800 JavaThread "Asynchronous log dispatcher for DefaultDaemonConnection: socket connection from /127.0.0.1:52209 to /127.0.0.1:52227" [_thread_blocked, id=13172, stack(0x000000eeb4a00000,0x000000eeb4b00000)]
  0x0000025f8f255800 JavaThread "Stdin handler" [_thread_blocked, id=1116, stack(0x000000eeb4b00000,0x000000eeb4c00000)]
  0x0000025f8f256000 JavaThread "Thread-27" [_thread_blocked, id=12824, stack(0x000000eeb4c00000,0x000000eeb4d00000)]
  0x0000025f8f250800 JavaThread "Cache worker for file hash cache (C:\Users\Administrator\0427\Recipe\.gradle\6.7\fileHashes)" [_thread_blocked, id=6520, stack(0x000000eeb5100000,0x000000eeb5200000)]
  0x0000025f8f25c000 JavaThread "jar transforms Thread 2" [_thread_blocked, id=12496, stack(0x000000eeb5200000,0x000000eeb5300000)]
  0x0000025f8f25c800 JavaThread "jar transforms Thread 3" [_thread_blocked, id=13044, stack(0x000000eeb5300000,0x000000eeb5400000)]
  0x0000025f8f258000 JavaThread "jar transforms Thread 4" [_thread_blocked, id=11248, stack(0x000000eeb5400000,0x000000eeb5500000)]
  0x0000025f8f25b000 JavaThread "jar transforms Thread 5" [_thread_blocked, id=5984, stack(0x000000eeb5700000,0x000000eeb5800000)]
  0x0000025f8f258800 JavaThread "jar transforms Thread 6" [_thread_blocked, id=10924, stack(0x000000eeb5800000,0x000000eeb5900000)]
  0x0000025f8f257000 JavaThread "jar transforms Thread 7" [_thread_blocked, id=6596, stack(0x000000eeb5900000,0x000000eeb5a00000)]
  0x0000025f8f25e800 JavaThread "jar transforms Thread 8" [_thread_blocked, id=2976, stack(0x000000eeb5a00000,0x000000eeb5b00000)]
  0x0000025f8f259800 JavaThread "jar transforms Thread 9" [_thread_blocked, id=12688, stack(0x000000eeb5b00000,0x000000eeb5c00000)]
  0x0000025f8f25d800 JavaThread "jar transforms Thread 10" [_thread_blocked, id=4020, stack(0x000000eeb5c00000,0x000000eeb5d00000)]
  0x0000025f8f25a800 JavaThread "jar transforms Thread 11" [_thread_in_native, id=11956, stack(0x000000eeb5d00000,0x000000eeb5e00000)]
  0x0000025fffc60000 JavaThread "jar transforms Thread 12" [_thread_blocked, id=4384, stack(0x000000eeb5e00000,0x000000eeb5f00000)]
  0x0000025fffc5c000 JavaThread "jar transforms Thread 13" [_thread_blocked, id=10284, stack(0x000000eeb5f00000,0x000000eeb6000000)]
  0x0000025fffc5d800 JavaThread "jar transforms Thread 14" [_thread_blocked, id=11808, stack(0x000000eeb6000000,0x000000eeb6100000)]
  0x0000025fffc5a800 JavaThread "jar transforms Thread 15" [_thread_blocked, id=13860, stack(0x000000eeb6100000,0x000000eeb6200000)]
  0x0000025fffc61000 JavaThread "jar transforms Thread 16" [_thread_blocked, id=5060, stack(0x000000eeb6200000,0x000000eeb6300000)]
  0x0000025ffe3f1000 JavaThread "jar transforms Thread 17" [_thread_blocked, id=880, stack(0x000000eeb6300000,0x000000eeb6400000)]
  0x0000025ffe3ee800 JavaThread "Cache worker for checksums cache (C:\Users\Administrator\0427\Recipe\.gradle\checksums)" [_thread_blocked, id=2652, stack(0x000000eeb6400000,0x000000eeb6500000)]
  0x0000025ffe3f1800 JavaThread "Cache worker for cache directory md-supplier (C:\Users\Administrator\.gradle\caches\6.7\md-supplier)" [_thread_blocked, id=12456, stack(0x000000eeb6500000,0x000000eeb6600000)]
  0x0000025ffe3ed800 JavaThread "Cache worker for cache directory md-rule (C:\Users\Administrator\.gradle\caches\6.7\md-rule)" [_thread_blocked, id=11336, stack(0x000000eeb6600000,0x000000eeb6700000)]
=>0x0000025ffe3f0000 JavaThread "C2 CompilerThread1" daemon [_thread_in_native, id=3804, stack(0x000000eeb6900000,0x000000eeb6a00000)]

Other Threads:
  0x0000025ffd896000 VMThread "VM Thread" [stack: 0x000000eeb3200000,0x000000eeb3300000] [id=13012]
  0x0000025ffe321000 WatcherThread [stack: 0x000000eeb3d00000,0x000000eeb3e00000] [id=5908]
  0x0000025ff1948800 GCTaskThread "GC Thread#0" [stack: 0x000000eeb2d00000,0x000000eeb2e00000] [id=4428]
  0x0000025ffe579000 GCTaskThread "GC Thread#1" [stack: 0x000000eeb3f00000,0x000000eeb4000000] [id=10316]
  0x0000025ffe61a800 GCTaskThread "GC Thread#2" [stack: 0x000000eeb4000000,0x000000eeb4100000] [id=11884]
  0x0000025ffe775800 GCTaskThread "GC Thread#3" [stack: 0x000000eeb4100000,0x000000eeb4200000] [id=7680]
  0x0000025ff194e000 ConcurrentGCThread "G1 Main Marker" [stack: 0x000000eeb2e00000,0x000000eeb2f00000] [id=9584]
  0x0000025ff1950000 ConcurrentGCThread "G1 Conc#0" [stack: 0x000000eeb2f00000,0x000000eeb3000000] [id=4832]
  0x0000025ffd744800 ConcurrentGCThread "G1 Refine#0" [stack: 0x000000eeb3000000,0x000000eeb3100000] [id=8184]
  0x0000025f92273800 ConcurrentGCThread "G1 Refine#1" [stack: 0x000000eeb6800000,0x000000eeb6900000] [id=3116]
  0x0000025f97643800 ConcurrentGCThread "G1 Refine#2" [stack: 0x000000eeb6700000,0x000000eeb6800000] [id=14160]
  0x0000025fa7c76800 ConcurrentGCThread "G1 Refine#3" [stack: 0x000000eeb6a00000,0x000000eeb6b00000] [id=6220]
  0x0000025ffd745000 ConcurrentGCThread "G1 Young RemSet Sampling" [stack: 0x000000eeb3100000,0x000000eeb3200000] [id=1896]

Threads with active compile tasks:
C2 CompilerThread0    29096 5599       4       org.objectweb.asm.ClassReader::readMethod (1061 bytes)
C2 CompilerThread1    29096 5588       4       org.objectweb.asm.ClassReader::readCode (5089 bytes)

VM state:not at safepoint (normal execution)

VM Mutex/Monitor currently owned by a thread: None

Heap address: 0x00000000e0000000, size: 512 MB, Compressed Oops mode: 32-bit
Narrow klass base: 0x0000000800000000, Narrow klass shift: 3
Compressed class space size: 260046848 Address: 0x0000000800b30000

Heap:
 garbage-first heap   total 262144K, used 127488K [0x00000000e0000000, 0x0000000100000000)
  region size 1024K, 29 young (29696K), 10 survivors (10240K)
 Metaspace       used 43245K, capacity 44419K, committed 44624K, reserved 292864K
  class space    used 5829K, capacity 6260K, committed 6272K, reserved 253952K
Heap Regions: E=young(eden), S=young(survivor), O=old, HS=humongous(starts), HC=humongous(continues), CS=collection set, F=free, OA=open archive, CA=closed archive, TAMS=top-at-mark-start (previous, next)
|   0|0x00000000e0000000, 0x00000000e0100000, 0x00000000e0100000|100%| O|  |TAMS 0x00000000e0100000, 0x00000000e0000000| Untracked 
|   1|0x00000000e0100000, 0x00000000e0200000, 0x00000000e0200000|100%| O|  |TAMS 0x00000000e0184200, 0x00000000e0100000| Untracked 
|   2|0x00000000e0200000, 0x00000000e0300000, 0x00000000e0300000|100%| O|  |TAMS 0x00000000e0200000, 0x00000000e0200000| Untracked 
|   3|0x00000000e0300000, 0x00000000e0400000, 0x00000000e0400000|100%|HS|  |TAMS 0x00000000e0400000, 0x00000000e0300000| Complete 
|   4|0x00000000e0400000, 0x00000000e0500000, 0x00000000e0500000|100%|HC|  |TAMS 0x00000000e0500000, 0x00000000e0400000| Complete 
|   5|0x00000000e0500000, 0x00000000e0600000, 0x00000000e0600000|100%|HC|  |TAMS 0x00000000e0600000, 0x00000000e0500000| Complete 
|   6|0x00000000e0600000, 0x00000000e0700000, 0x00000000e0700000|100%| O|  |TAMS 0x00000000e0700000, 0x00000000e0600000| Untracked 
|   7|0x00000000e0700000, 0x00000000e0800000, 0x00000000e0800000|100%| O|  |TAMS 0x00000000e0800000, 0x00000000e0700000| Untracked 
|   8|0x00000000e0800000, 0x00000000e0900000, 0x00000000e0900000|100%| O|  |TAMS 0x00000000e0900000, 0x00000000e0800000| Untracked 
|   9|0x00000000e0900000, 0x00000000e0a00000, 0x00000000e0a00000|100%|HS|  |TAMS 0x00000000e0900000, 0x00000000e0900000| Complete 
|  10|0x00000000e0a00000, 0x00000000e0b00000, 0x00000000e0b00000|100%|HC|  |TAMS 0x00000000e0a00000, 0x00000000e0a00000| Complete 
|  11|0x00000000e0b00000, 0x00000000e0c00000, 0x00000000e0c00000|100%| O|  |TAMS 0x00000000e0b00000, 0x00000000e0b00000| Untracked 
|  12|0x00000000e0c00000, 0x00000000e0d00000, 0x00000000e0d00000|100%| O|  |TAMS 0x00000000e0c00000, 0x00000000e0c00000| Untracked 
|  13|0x00000000e0d00000, 0x00000000e0e00000, 0x00000000e0e00000|100%| O|  |TAMS 0x00000000e0d00000, 0x00000000e0d00000| Untracked 
|  14|0x00000000e0e00000, 0x00000000e0f00000, 0x00000000e0f00000|100%| O|  |TAMS 0x00000000e0e00000, 0x00000000e0e00000| Untracked 
|  15|0x00000000e0f00000, 0x00000000e1000000, 0x00000000e1000000|100%|HS|  |TAMS 0x00000000e0f00000, 0x00000000e0f00000| Complete 
|  16|0x00000000e1000000, 0x00000000e1100000, 0x00000000e1100000|100%|HC|  |TAMS 0x00000000e1000000, 0x00000000e1000000| Complete 
|  17|0x00000000e1100000, 0x00000000e1200000, 0x00000000e1200000|100%|HC|  |TAMS 0x00000000e1100000, 0x00000000e1100000| Complete 
|  18|0x00000000e1200000, 0x00000000e1300000, 0x00000000e1300000|100%|HS|  |TAMS 0x00000000e1200000, 0x00000000e1200000| Complete 
|  19|0x00000000e1300000, 0x00000000e1400000, 0x00000000e1400000|100%|HC|  |TAMS 0x00000000e1300000, 0x00000000e1300000| Complete 
|  20|0x00000000e1400000, 0x00000000e1500000, 0x00000000e1500000|100%|HC|  |TAMS 0x00000000e1400000, 0x00000000e1400000| Complete 
|  21|0x00000000e1500000, 0x00000000e1600000, 0x00000000e1600000|100%|HC|  |TAMS 0x00000000e1500000, 0x00000000e1500000| Complete 
|  22|0x00000000e1600000, 0x00000000e1700000, 0x00000000e1700000|100%| O|  |TAMS 0x00000000e1600000, 0x00000000e1600000| Untracked 
|  23|0x00000000e1700000, 0x00000000e1800000, 0x00000000e1800000|100%| O|  |TAMS 0x00000000e1700000, 0x00000000e1700000| Untracked 
|  24|0x00000000e1800000, 0x00000000e1900000, 0x00000000e1900000|100%| O|  |TAMS 0x00000000e1800000, 0x00000000e1800000| Untracked 
|  25|0x00000000e1900000, 0x00000000e1a00000, 0x00000000e1a00000|100%| O|  |TAMS 0x00000000e1900000, 0x00000000e1900000| Untracked 
|  26|0x00000000e1a00000, 0x00000000e1b00000, 0x00000000e1b00000|100%| O|  |TAMS 0x00000000e1a00000, 0x00000000e1a00000| Untracked 
|  27|0x00000000e1b00000, 0x00000000e1c00000, 0x00000000e1c00000|100%| O|  |TAMS 0x00000000e1b00000, 0x00000000e1b00000| Untracked 
|  28|0x00000000e1c00000, 0x00000000e1d00000, 0x00000000e1d00000|100%| O|  |TAMS 0x00000000e1c00000, 0x00000000e1c00000| Untracked 
|  29|0x00000000e1d00000, 0x00000000e1e00000, 0x00000000e1e00000|100%| O|  |TAMS 0x00000000e1d00000, 0x00000000e1d00000| Untracked 
|  30|0x00000000e1e00000, 0x00000000e1f00000, 0x00000000e1f00000|100%| O|  |TAMS 0x00000000e1e00000, 0x00000000e1e00000| Untracked 
|  31|0x00000000e1f00000, 0x00000000e2000000, 0x00000000e2000000|100%| O|  |TAMS 0x00000000e1f00000, 0x00000000e1f00000| Untracked 
|  32|0x00000000e2000000, 0x00000000e2100000, 0x00000000e2100000|100%| O|  |TAMS 0x00000000e2000000, 0x00000000e2000000| Untracked 
|  33|0x00000000e2100000, 0x00000000e2200000, 0x00000000e2200000|100%| O|  |TAMS 0x00000000e2100000, 0x00000000e2100000| Untracked 
|  34|0x00000000e2200000, 0x00000000e2300000, 0x00000000e2300000|100%| O|  |TAMS 0x00000000e2200000, 0x00000000e2200000| Untracked 
|  35|0x00000000e2300000, 0x00000000e2400000, 0x00000000e2400000|100%| O|  |TAMS 0x00000000e2300000, 0x00000000e2300000| Untracked 
|  36|0x00000000e2400000, 0x00000000e2500000, 0x00000000e2500000|100%| O|  |TAMS 0x00000000e2400000, 0x00000000e2400000| Untracked 
|  37|0x00000000e2500000, 0x00000000e2600000, 0x00000000e2600000|100%| O|  |TAMS 0x00000000e2500000, 0x00000000e2500000| Untracked 
|  38|0x00000000e2600000, 0x00000000e2700000, 0x00000000e2700000|100%| O|  |TAMS 0x00000000e2600000, 0x00000000e2600000| Untracked 
|  39|0x00000000e2700000, 0x00000000e2800000, 0x00000000e2800000|100%| O|  |TAMS 0x00000000e2700000, 0x00000000e2700000| Untracked 
|  40|0x00000000e2800000, 0x00000000e2900000, 0x00000000e2900000|100%| O|  |TAMS 0x00000000e2800000, 0x00000000e2800000| Untracked 
|  41|0x00000000e2900000, 0x00000000e2a00000, 0x00000000e2a00000|100%| O|  |TAMS 0x00000000e2900000, 0x00000000e2900000| Untracked 
|  42|0x00000000e2a00000, 0x00000000e2b00000, 0x00000000e2b00000|100%| O|  |TAMS 0x00000000e2a00000, 0x00000000e2a00000| Untracked 
|  43|0x00000000e2b00000, 0x00000000e2c00000, 0x00000000e2c00000|100%| O|  |TAMS 0x00000000e2b00000, 0x00000000e2b00000| Untracked 
|  44|0x00000000e2c00000, 0x00000000e2d00000, 0x00000000e2d00000|100%|HS|  |TAMS 0x00000000e2c00000, 0x00000000e2c00000| Complete 
|  45|0x00000000e2d00000, 0x00000000e2e00000, 0x00000000e2e00000|100%|HC|  |TAMS 0x00000000e2d00000, 0x00000000e2d00000| Complete 
|  46|0x00000000e2e00000, 0x00000000e2f00000, 0x00000000e2f00000|100%|HC|  |TAMS 0x00000000e2e00000, 0x00000000e2e00000| Complete 
|  47|0x00000000e2f00000, 0x00000000e2f00000, 0x00000000e3000000|  0%| F|  |TAMS 0x00000000e2f00000, 0x00000000e2f00000| Untracked 
|  48|0x00000000e3000000, 0x00000000e3100000, 0x00000000e3100000|100%| O|  |TAMS 0x00000000e3000000, 0x00000000e3000000| Untracked 
|  49|0x00000000e3100000, 0x00000000e3200000, 0x00000000e3200000|100%| O|  |TAMS 0x00000000e3100000, 0x00000000e3100000| Untracked 
|  50|0x00000000e3200000, 0x00000000e3300000, 0x00000000e3300000|100%| O|  |TAMS 0x00000000e3200000, 0x00000000e3200000| Untracked 
|  51|0x00000000e3300000, 0x00000000e3400000, 0x00000000e3400000|100%| O|  |TAMS 0x00000000e3300000, 0x00000000e3300000| Untracked 
|  52|0x00000000e3400000, 0x00000000e3500000, 0x00000000e3500000|100%| O|  |TAMS 0x00000000e3400000, 0x00000000e3400000| Untracked 
|  53|0x00000000e3500000, 0x00000000e3600000, 0x00000000e3600000|100%| O|  |TAMS 0x00000000e3500000, 0x00000000e3500000| Untracked 
|  54|0x00000000e3600000, 0x00000000e3700000, 0x00000000e3700000|100%| O|  |TAMS 0x00000000e3600000, 0x00000000e3600000| Untracked 
|  55|0x00000000e3700000, 0x00000000e3800000, 0x00000000e3800000|100%| O|  |TAMS 0x00000000e3700000, 0x00000000e3700000| Untracked 
|  56|0x00000000e3800000, 0x00000000e3900000, 0x00000000e3900000|100%| O|  |TAMS 0x00000000e3800000, 0x00000000e3800000| Untracked 
|  57|0x00000000e3900000, 0x00000000e3a00000, 0x00000000e3a00000|100%| O|  |TAMS 0x00000000e3900000, 0x00000000e3900000| Untracked 
|  58|0x00000000e3a00000, 0x00000000e3b00000, 0x00000000e3b00000|100%| O|  |TAMS 0x00000000e3a00000, 0x00000000e3a00000| Untracked 
|  59|0x00000000e3b00000, 0x00000000e3c00000, 0x00000000e3c00000|100%| O|  |TAMS 0x00000000e3b00000, 0x00000000e3b00000| Untracked 
|  60|0x00000000e3c00000, 0x00000000e3d00000, 0x00000000e3d00000|100%| O|  |TAMS 0x00000000e3c00000, 0x00000000e3c00000| Untracked 
|  61|0x00000000e3d00000, 0x00000000e3e00000, 0x00000000e3e00000|100%| O|  |TAMS 0x00000000e3d00000, 0x00000000e3d00000| Untracked 
|  62|0x00000000e3e00000, 0x00000000e3f00000, 0x00000000e3f00000|100%| O|  |TAMS 0x00000000e3e00000, 0x00000000e3e00000| Untracked 
|  63|0x00000000e3f00000, 0x00000000e4000000, 0x00000000e4000000|100%| O|  |TAMS 0x00000000e3f00000, 0x00000000e3f00000| Untracked 
|  64|0x00000000e4000000, 0x00000000e4100000, 0x00000000e4100000|100%| O|  |TAMS 0x00000000e4000000, 0x00000000e4000000| Untracked 
|  65|0x00000000e4100000, 0x00000000e4200000, 0x00000000e4200000|100%| O|  |TAMS 0x00000000e4100000, 0x00000000e4100000| Untracked 
|  66|0x00000000e4200000, 0x00000000e4300000, 0x00000000e4300000|100%| O|  |TAMS 0x00000000e4200000, 0x00000000e4200000| Untracked 
|  67|0x00000000e4300000, 0x00000000e4400000, 0x00000000e4400000|100%| O|  |TAMS 0x00000000e4300000, 0x00000000e4300000| Untracked 
|  68|0x00000000e4400000, 0x00000000e4500000, 0x00000000e4500000|100%| O|  |TAMS 0x00000000e4400000, 0x00000000e4400000| Untracked 
|  69|0x00000000e4500000, 0x00000000e4600000, 0x00000000e4600000|100%| O|  |TAMS 0x00000000e4500000, 0x00000000e4500000| Untracked 
|  70|0x00000000e4600000, 0x00000000e4700000, 0x00000000e4700000|100%| O|  |TAMS 0x00000000e4600000, 0x00000000e4600000| Untracked 
|  71|0x00000000e4700000, 0x00000000e4800000, 0x00000000e4800000|100%| O|  |TAMS 0x00000000e4700000, 0x00000000e4700000| Untracked 
|  72|0x00000000e4800000, 0x00000000e4900000, 0x00000000e4900000|100%| O|  |TAMS 0x00000000e4800000, 0x00000000e4800000| Untracked 
|  73|0x00000000e4900000, 0x00000000e4a00000, 0x00000000e4a00000|100%| O|  |TAMS 0x00000000e4900000, 0x00000000e4900000| Untracked 
|  74|0x00000000e4a00000, 0x00000000e4b00000, 0x00000000e4b00000|100%| O|  |TAMS 0x00000000e4a00000, 0x00000000e4a00000| Untracked 
|  75|0x00000000e4b00000, 0x00000000e4c00000, 0x00000000e4c00000|100%| O|  |TAMS 0x00000000e4b00000, 0x00000000e4b00000| Untracked 
|  76|0x00000000e4c00000, 0x00000000e4d00000, 0x00000000e4d00000|100%|HS|  |TAMS 0x00000000e4c00000, 0x00000000e4c00000| Complete 
|  77|0x00000000e4d00000, 0x00000000e4e00000, 0x00000000e4e00000|100%|HC|  |TAMS 0x00000000e4d00000, 0x00000000e4d00000| Complete 
|  78|0x00000000e4e00000, 0x00000000e4f00000, 0x00000000e4f00000|100%|HC|  |TAMS 0x00000000e4e00000, 0x00000000e4e00000| Complete 
|  79|0x00000000e4f00000, 0x00000000e5000000, 0x00000000e5000000|100%|HC|  |TAMS 0x00000000e4f00000, 0x00000000e4f00000| Complete 
|  80|0x00000000e5000000, 0x00000000e5100000, 0x00000000e5100000|100%| O|  |TAMS 0x00000000e5000000, 0x00000000e5000000| Untracked 
|  81|0x00000000e5100000, 0x00000000e5200000, 0x00000000e5200000|100%| O|  |TAMS 0x00000000e5100000, 0x00000000e5100000| Untracked 
|  82|0x00000000e5200000, 0x00000000e5300000, 0x00000000e5300000|100%| O|  |TAMS 0x00000000e5200000, 0x00000000e5200000| Untracked 
|  83|0x00000000e5300000, 0x00000000e5400000, 0x00000000e5400000|100%| O|  |TAMS 0x00000000e5300000, 0x00000000e5300000| Untracked 
|  84|0x00000000e5400000, 0x00000000e5500000, 0x00000000e5500000|100%| O|  |TAMS 0x00000000e5400000, 0x00000000e5400000| Untracked 
|  85|0x00000000e5500000, 0x00000000e5600000, 0x00000000e5600000|100%| O|  |TAMS 0x00000000e5500000, 0x00000000e5500000| Untracked 
|  86|0x00000000e5600000, 0x00000000e5700000, 0x00000000e5700000|100%| O|  |TAMS 0x00000000e5600000, 0x00000000e5600000| Untracked 
|  87|0x00000000e5700000, 0x00000000e5800000, 0x00000000e5800000|100%| O|  |TAMS 0x00000000e5700000, 0x00000000e5700000| Untracked 
|  88|0x00000000e5800000, 0x00000000e5900000, 0x00000000e5900000|100%| O|  |TAMS 0x00000000e5800000, 0x00000000e5800000| Untracked 
|  89|0x00000000e5900000, 0x00000000e5a00000, 0x00000000e5a00000|100%| O|  |TAMS 0x00000000e5900000, 0x00000000e5900000| Untracked 
|  90|0x00000000e5a00000, 0x00000000e5b00000, 0x00000000e5b00000|100%| O|  |TAMS 0x00000000e5a00000, 0x00000000e5a00000| Untracked 
|  91|0x00000000e5b00000, 0x00000000e5c00000, 0x00000000e5c00000|100%| O|  |TAMS 0x00000000e5b00000, 0x00000000e5b00000| Untracked 
|  92|0x00000000e5c00000, 0x00000000e5d00000, 0x00000000e5d00000|100%| O|  |TAMS 0x00000000e5c00000, 0x00000000e5c00000| Untracked 
|  93|0x00000000e5d00000, 0x00000000e5e00000, 0x00000000e5e00000|100%| O|  |TAMS 0x00000000e5d00000, 0x00000000e5d00000| Untracked 
|  94|0x00000000e5e00000, 0x00000000e5f00000, 0x00000000e5f00000|100%| O|  |TAMS 0x00000000e5e00000, 0x00000000e5e00000| Untracked 
|  95|0x00000000e5f00000, 0x00000000e6000000, 0x00000000e6000000|100%| O|  |TAMS 0x00000000e5f00000, 0x00000000e5f00000| Untracked 
|  96|0x00000000e6000000, 0x00000000e6100000, 0x00000000e6100000|100%| O|  |TAMS 0x00000000e6000000, 0x00000000e6000000| Untracked 
|  97|0x00000000e6100000, 0x00000000e6180000, 0x00000000e6200000| 50%| O|  |TAMS 0x00000000e6100000, 0x00000000e6100000| Untracked 
|  98|0x00000000e6200000, 0x00000000e6200000, 0x00000000e6300000|  0%| F|  |TAMS 0x00000000e6200000, 0x00000000e6200000| Untracked 
|  99|0x00000000e6300000, 0x00000000e6300000, 0x00000000e6400000|  0%| F|  |TAMS 0x00000000e6300000, 0x00000000e6300000| Untracked 
| 100|0x00000000e6400000, 0x00000000e6400000, 0x00000000e6500000|  0%| F|  |TAMS 0x00000000e6400000, 0x00000000e6400000| Untracked 
| 101|0x00000000e6500000, 0x00000000e6500000, 0x00000000e6600000|  0%| F|  |TAMS 0x00000000e6500000, 0x00000000e6500000| Untracked 
| 102|0x00000000e6600000, 0x00000000e6600000, 0x00000000e6700000|  0%| F|  |TAMS 0x00000000e6600000, 0x00000000e6600000| Untracked 
| 103|0x00000000e6700000, 0x00000000e6700000, 0x00000000e6800000|  0%| F|  |TAMS 0x00000000e6700000, 0x00000000e6700000| Untracked 
| 104|0x00000000e6800000, 0x00000000e6800000, 0x00000000e6900000|  0%| F|  |TAMS 0x00000000e6800000, 0x00000000e6800000| Untracked 
| 105|0x00000000e6900000, 0x00000000e6900000, 0x00000000e6a00000|  0%| F|  |TAMS 0x00000000e6900000, 0x00000000e6900000| Untracked 
| 106|0x00000000e6a00000, 0x00000000e6a00000, 0x00000000e6b00000|  0%| F|  |TAMS 0x00000000e6a00000, 0x00000000e6a00000| Untracked 
| 107|0x00000000e6b00000, 0x00000000e6b00000, 0x00000000e6c00000|  0%| F|  |TAMS 0x00000000e6b00000, 0x00000000e6b00000| Untracked 
| 108|0x00000000e6c00000, 0x00000000e6c00000, 0x00000000e6d00000|  0%| F|  |TAMS 0x00000000e6c00000, 0x00000000e6c00000| Untracked 
| 109|0x00000000e6d00000, 0x00000000e6d00000, 0x00000000e6e00000|  0%| F|  |TAMS 0x00000000e6d00000, 0x00000000e6d00000| Untracked 
| 110|0x00000000e6e00000, 0x00000000e6e00000, 0x00000000e6f00000|  0%| F|  |TAMS 0x00000000e6e00000, 0x00000000e6e00000| Untracked 
| 111|0x00000000e6f00000, 0x00000000e6f00000, 0x00000000e7000000|  0%| F|  |TAMS 0x00000000e6f00000, 0x00000000e6f00000| Untracked 
| 112|0x00000000e7000000, 0x00000000e7000000, 0x00000000e7100000|  0%| F|  |TAMS 0x00000000e7000000, 0x00000000e7000000| Untracked 
| 113|0x00000000e7100000, 0x00000000e7100000, 0x00000000e7200000|  0%| F|  |TAMS 0x00000000e7100000, 0x00000000e7100000| Untracked 
| 114|0x00000000e7200000, 0x00000000e7200000, 0x00000000e7300000|  0%| F|  |TAMS 0x00000000e7200000, 0x00000000e7200000| Untracked 
| 115|0x00000000e7300000, 0x00000000e7300000, 0x00000000e7400000|  0%| F|  |TAMS 0x00000000e7300000, 0x00000000e7300000| Untracked 
| 116|0x00000000e7400000, 0x00000000e7400000, 0x00000000e7500000|  0%| F|  |TAMS 0x00000000e7400000, 0x00000000e7400000| Untracked 
| 117|0x00000000e7500000, 0x00000000e7500000, 0x00000000e7600000|  0%| F|  |TAMS 0x00000000e7500000, 0x00000000e7500000| Untracked 
| 118|0x00000000e7600000, 0x00000000e7600000, 0x00000000e7700000|  0%| F|  |TAMS 0x00000000e7600000, 0x00000000e7600000| Untracked 
| 119|0x00000000e7700000, 0x00000000e7700000, 0x00000000e7800000|  0%| F|  |TAMS 0x00000000e7700000, 0x00000000e7700000| Untracked 
| 120|0x00000000e7800000, 0x00000000e7800000, 0x00000000e7900000|  0%| F|  |TAMS 0x00000000e7800000, 0x00000000e7800000| Untracked 
| 121|0x00000000e7900000, 0x00000000e7900000, 0x00000000e7a00000|  0%| F|  |TAMS 0x00000000e7900000, 0x00000000e7900000| Untracked 
| 122|0x00000000e7a00000, 0x00000000e7a00000, 0x00000000e7b00000|  0%| F|  |TAMS 0x00000000e7a00000, 0x00000000e7a00000| Untracked 
| 123|0x00000000e7b00000, 0x00000000e7b00000, 0x00000000e7c00000|  0%| F|  |TAMS 0x00000000e7b00000, 0x00000000e7b00000| Untracked 
| 124|0x00000000e7c00000, 0x00000000e7c00000, 0x00000000e7d00000|  0%| F|  |TAMS 0x00000000e7c00000, 0x00000000e7c00000| Untracked 
| 125|0x00000000e7d00000, 0x00000000e7d00000, 0x00000000e7e00000|  0%| F|  |TAMS 0x00000000e7d00000, 0x00000000e7d00000| Untracked 
| 126|0x00000000e7e00000, 0x00000000e7e00000, 0x00000000e7f00000|  0%| F|  |TAMS 0x00000000e7e00000, 0x00000000e7e00000| Untracked 
| 127|0x00000000e7f00000, 0x00000000e7f00000, 0x00000000e8000000|  0%| F|  |TAMS 0x00000000e7f00000, 0x00000000e7f00000| Untracked 
| 128|0x00000000e8000000, 0x00000000e8000000, 0x00000000e8100000|  0%| F|  |TAMS 0x00000000e8000000, 0x00000000e8000000| Untracked 
| 129|0x00000000e8100000, 0x00000000e8100000, 0x00000000e8200000|  0%| F|  |TAMS 0x00000000e8100000, 0x00000000e8100000| Untracked 
| 130|0x00000000e8200000, 0x00000000e8200000, 0x00000000e8300000|  0%| F|  |TAMS 0x00000000e8200000, 0x00000000e8200000| Untracked 
| 131|0x00000000e8300000, 0x00000000e8300000, 0x00000000e8400000|  0%| F|  |TAMS 0x00000000e8300000, 0x00000000e8300000| Untracked 
| 132|0x00000000e8400000, 0x00000000e8400000, 0x00000000e8500000|  0%| F|  |TAMS 0x00000000e8400000, 0x00000000e8400000| Untracked 
| 133|0x00000000e8500000, 0x00000000e8500000, 0x00000000e8600000|  0%| F|  |TAMS 0x00000000e8500000, 0x00000000e8500000| Untracked 
| 134|0x00000000e8600000, 0x00000000e8600000, 0x00000000e8700000|  0%| F|  |TAMS 0x00000000e8600000, 0x00000000e8600000| Untracked 
| 135|0x00000000e8700000, 0x00000000e8700000, 0x00000000e8800000|  0%| F|  |TAMS 0x00000000e8700000, 0x00000000e8700000| Untracked 
| 136|0x00000000e8800000, 0x00000000e8800000, 0x00000000e8900000|  0%| F|  |TAMS 0x00000000e8800000, 0x00000000e8800000| Untracked 
| 137|0x00000000e8900000, 0x00000000e8900000, 0x00000000e8a00000|  0%| F|  |TAMS 0x00000000e8900000, 0x00000000e8900000| Untracked 
| 138|0x00000000e8a00000, 0x00000000e8a00000, 0x00000000e8b00000|  0%| F|  |TAMS 0x00000000e8a00000, 0x00000000e8a00000| Untracked 
| 139|0x00000000e8b00000, 0x00000000e8c00000, 0x00000000e8c00000|100%| S|CS|TAMS 0x00000000e8b00000, 0x00000000e8b00000| Complete 
| 140|0x00000000e8c00000, 0x00000000e8d00000, 0x00000000e8d00000|100%| S|CS|TAMS 0x00000000e8c00000, 0x00000000e8c00000| Complete 
| 141|0x00000000e8d00000, 0x00000000e8e00000, 0x00000000e8e00000|100%| S|CS|TAMS 0x00000000e8d00000, 0x00000000e8d00000| Complete 
| 142|0x00000000e8e00000, 0x00000000e8f00000, 0x00000000e8f00000|100%| S|CS|TAMS 0x00000000e8e00000, 0x00000000e8e00000| Complete 
| 143|0x00000000e8f00000, 0x00000000e9000000, 0x00000000e9000000|100%| S|CS|TAMS 0x00000000e8f00000, 0x00000000e8f00000| Complete 
| 144|0x00000000e9000000, 0x00000000e9100000, 0x00000000e9100000|100%| S|CS|TAMS 0x00000000e9000000, 0x00000000e9000000| Complete 
| 145|0x00000000e9100000, 0x00000000e9200000, 0x00000000e9200000|100%| S|CS|TAMS 0x00000000e9100000, 0x00000000e9100000| Complete 
| 146|0x00000000e9200000, 0x00000000e9300000, 0x00000000e9300000|100%| S|CS|TAMS 0x00000000e9200000, 0x00000000e9200000| Complete 
| 147|0x00000000e9300000, 0x00000000e9300000, 0x00000000e9400000|  0%| F|  |TAMS 0x00000000e9300000, 0x00000000e9300000| Untracked 
| 148|0x00000000e9400000, 0x00000000e9400000, 0x00000000e9500000|  0%| F|  |TAMS 0x00000000e9400000, 0x00000000e9400000| Untracked 
| 149|0x00000000e9500000, 0x00000000e9500000, 0x00000000e9600000|  0%| F|  |TAMS 0x00000000e9500000, 0x00000000e9500000| Untracked 
| 150|0x00000000e9600000, 0x00000000e9700000, 0x00000000e9700000|100%| S|CS|TAMS 0x00000000e9600000, 0x00000000e9600000| Complete 
| 151|0x00000000e9700000, 0x00000000e9800000, 0x00000000e9800000|100%| S|CS|TAMS 0x00000000e9700000, 0x00000000e9700000| Complete 
| 152|0x00000000e9800000, 0x00000000e9800000, 0x00000000e9900000|  0%| F|  |TAMS 0x00000000e9800000, 0x00000000e9800000| Untracked 
| 153|0x00000000e9900000, 0x00000000e9900000, 0x00000000e9a00000|  0%| F|  |TAMS 0x00000000e9900000, 0x00000000e9900000| Untracked 
| 154|0x00000000e9a00000, 0x00000000e9a00000, 0x00000000e9b00000|  0%| F|  |TAMS 0x00000000e9a00000, 0x00000000e9a00000| Untracked 
| 155|0x00000000e9b00000, 0x00000000e9b00000, 0x00000000e9c00000|  0%| F|  |TAMS 0x00000000e9b00000, 0x00000000e9b00000| Untracked 
| 156|0x00000000e9c00000, 0x00000000e9c00000, 0x00000000e9d00000|  0%| F|  |TAMS 0x00000000e9c00000, 0x00000000e9c00000| Untracked 
| 157|0x00000000e9d00000, 0x00000000e9d00000, 0x00000000e9e00000|  0%| F|  |TAMS 0x00000000e9d00000, 0x00000000e9d00000| Untracked 
| 158|0x00000000e9e00000, 0x00000000e9e00000, 0x00000000e9f00000|  0%| F|  |TAMS 0x00000000e9e00000, 0x00000000e9e00000| Untracked 
| 159|0x00000000e9f00000, 0x00000000e9f00000, 0x00000000ea000000|  0%| F|  |TAMS 0x00000000e9f00000, 0x00000000e9f00000| Untracked 
| 160|0x00000000ea000000, 0x00000000ea000000, 0x00000000ea100000|  0%| F|  |TAMS 0x00000000ea000000, 0x00000000ea000000| Untracked 
| 161|0x00000000ea100000, 0x00000000ea100000, 0x00000000ea200000|  0%| F|  |TAMS 0x00000000ea100000, 0x00000000ea100000| Untracked 
| 162|0x00000000ea200000, 0x00000000ea200000, 0x00000000ea300000|  0%| F|  |TAMS 0x00000000ea200000, 0x00000000ea200000| Untracked 
| 163|0x00000000ea300000, 0x00000000ea300000, 0x00000000ea400000|  0%| F|  |TAMS 0x00000000ea300000, 0x00000000ea300000| Untracked 
| 164|0x00000000ea400000, 0x00000000ea400000, 0x00000000ea500000|  0%| F|  |TAMS 0x00000000ea400000, 0x00000000ea400000| Untracked 
| 165|0x00000000ea500000, 0x00000000ea500000, 0x00000000ea600000|  0%| F|  |TAMS 0x00000000ea500000, 0x00000000ea500000| Untracked 
| 166|0x00000000ea600000, 0x00000000ea600000, 0x00000000ea700000|  0%| F|  |TAMS 0x00000000ea600000, 0x00000000ea600000| Untracked 
| 167|0x00000000ea700000, 0x00000000ea700000, 0x00000000ea800000|  0%| F|  |TAMS 0x00000000ea700000, 0x00000000ea700000| Untracked 
| 168|0x00000000ea800000, 0x00000000ea800000, 0x00000000ea900000|  0%| F|  |TAMS 0x00000000ea800000, 0x00000000ea800000| Untracked 
| 169|0x00000000ea900000, 0x00000000ea900000, 0x00000000eaa00000|  0%| F|  |TAMS 0x00000000ea900000, 0x00000000ea900000| Untracked 
| 170|0x00000000eaa00000, 0x00000000eaa00000, 0x00000000eab00000|  0%| F|  |TAMS 0x00000000eaa00000, 0x00000000eaa00000| Untracked 
| 171|0x00000000eab00000, 0x00000000eab00000, 0x00000000eac00000|  0%| F|  |TAMS 0x00000000eab00000, 0x00000000eab00000| Untracked 
| 172|0x00000000eac00000, 0x00000000eac00000, 0x00000000ead00000|  0%| F|  |TAMS 0x00000000eac00000, 0x00000000eac00000| Untracked 
| 173|0x00000000ead00000, 0x00000000ead00000, 0x00000000eae00000|  0%| F|  |TAMS 0x00000000ead00000, 0x00000000ead00000| Untracked 
| 174|0x00000000eae00000, 0x00000000eae00000, 0x00000000eaf00000|  0%| F|  |TAMS 0x00000000eae00000, 0x00000000eae00000| Untracked 
| 175|0x00000000eaf00000, 0x00000000eaf00000, 0x00000000eb000000|  0%| F|  |TAMS 0x00000000eaf00000, 0x00000000eaf00000| Untracked 
| 176|0x00000000eb000000, 0x00000000eb000000, 0x00000000eb100000|  0%| F|  |TAMS 0x00000000eb000000, 0x00000000eb000000| Untracked 
| 177|0x00000000eb100000, 0x00000000eb100000, 0x00000000eb200000|  0%| F|  |TAMS 0x00000000eb100000, 0x00000000eb100000| Untracked 
| 178|0x00000000eb200000, 0x00000000eb200000, 0x00000000eb300000|  0%| F|  |TAMS 0x00000000eb200000, 0x00000000eb200000| Untracked 
| 179|0x00000000eb300000, 0x00000000eb300000, 0x00000000eb400000|  0%| F|  |TAMS 0x00000000eb300000, 0x00000000eb300000| Untracked 
| 180|0x00000000eb400000, 0x00000000eb400000, 0x00000000eb500000|  0%| F|  |TAMS 0x00000000eb400000, 0x00000000eb400000| Untracked 
| 181|0x00000000eb500000, 0x00000000eb500000, 0x00000000eb600000|  0%| F|  |TAMS 0x00000000eb500000, 0x00000000eb500000| Untracked 
| 182|0x00000000eb600000, 0x00000000eb600000, 0x00000000eb700000|  0%| F|  |TAMS 0x00000000eb600000, 0x00000000eb600000| Untracked 
| 183|0x00000000eb700000, 0x00000000eb700000, 0x00000000eb800000|  0%| F|  |TAMS 0x00000000eb700000, 0x00000000eb700000| Untracked 
| 184|0x00000000eb800000, 0x00000000eb800000, 0x00000000eb900000|  0%| F|  |TAMS 0x00000000eb800000, 0x00000000eb800000| Untracked 
| 185|0x00000000eb900000, 0x00000000eb900000, 0x00000000eba00000|  0%| F|  |TAMS 0x00000000eb900000, 0x00000000eb900000| Untracked 
| 186|0x00000000eba00000, 0x00000000eba00000, 0x00000000ebb00000|  0%| F|  |TAMS 0x00000000eba00000, 0x00000000eba00000| Untracked 
| 187|0x00000000ebb00000, 0x00000000ebb00000, 0x00000000ebc00000|  0%| F|  |TAMS 0x00000000ebb00000, 0x00000000ebb00000| Untracked 
| 188|0x00000000ebc00000, 0x00000000ebc00000, 0x00000000ebd00000|  0%| F|  |TAMS 0x00000000ebc00000, 0x00000000ebc00000| Untracked 
| 189|0x00000000ebd00000, 0x00000000ebd00000, 0x00000000ebe00000|  0%| F|  |TAMS 0x00000000ebd00000, 0x00000000ebd00000| Untracked 
| 190|0x00000000ebe00000, 0x00000000ebe00000, 0x00000000ebf00000|  0%| F|  |TAMS 0x00000000ebe00000, 0x00000000ebe00000| Untracked 
| 191|0x00000000ebf00000, 0x00000000ebf00000, 0x00000000ec000000|  0%| F|  |TAMS 0x00000000ebf00000, 0x00000000ebf00000| Untracked 
| 192|0x00000000ec000000, 0x00000000ec000000, 0x00000000ec100000|  0%| F|  |TAMS 0x00000000ec000000, 0x00000000ec000000| Untracked 
| 193|0x00000000ec100000, 0x00000000ec100000, 0x00000000ec200000|  0%| F|  |TAMS 0x00000000ec100000, 0x00000000ec100000| Untracked 
| 194|0x00000000ec200000, 0x00000000ec200000, 0x00000000ec300000|  0%| F|  |TAMS 0x00000000ec200000, 0x00000000ec200000| Untracked 
| 195|0x00000000ec300000, 0x00000000ec300000, 0x00000000ec400000|  0%| F|  |TAMS 0x00000000ec300000, 0x00000000ec300000| Untracked 
| 196|0x00000000ec400000, 0x00000000ec400000, 0x00000000ec500000|  0%| F|  |TAMS 0x00000000ec400000, 0x00000000ec400000| Untracked 
| 197|0x00000000ec500000, 0x00000000ec500000, 0x00000000ec600000|  0%| F|  |TAMS 0x00000000ec500000, 0x00000000ec500000| Untracked 
| 198|0x00000000ec600000, 0x00000000ec600000, 0x00000000ec700000|  0%| F|  |TAMS 0x00000000ec600000, 0x00000000ec600000| Untracked 
| 199|0x00000000ec700000, 0x00000000ec700000, 0x00000000ec800000|  0%| F|  |TAMS 0x00000000ec700000, 0x00000000ec700000| Untracked 
| 200|0x00000000ec800000, 0x00000000ec800000, 0x00000000ec900000|  0%| F|  |TAMS 0x00000000ec800000, 0x00000000ec800000| Untracked 
| 201|0x00000000ec900000, 0x00000000ec900000, 0x00000000eca00000|  0%| F|  |TAMS 0x00000000ec900000, 0x00000000ec900000| Untracked 
| 202|0x00000000eca00000, 0x00000000eca00000, 0x00000000ecb00000|  0%| F|  |TAMS 0x00000000eca00000, 0x00000000eca00000| Untracked 
| 203|0x00000000ecb00000, 0x00000000ecb00000, 0x00000000ecc00000|  0%| F|  |TAMS 0x00000000ecb00000, 0x00000000ecb00000| Untracked 
| 204|0x00000000ecc00000, 0x00000000ecc00000, 0x00000000ecd00000|  0%| F|  |TAMS 0x00000000ecc00000, 0x00000000ecc00000| Untracked 
| 205|0x00000000ecd00000, 0x00000000ecd00000, 0x00000000ece00000|  0%| F|  |TAMS 0x00000000ecd00000, 0x00000000ecd00000| Untracked 
| 206|0x00000000ece00000, 0x00000000ece00000, 0x00000000ecf00000|  0%| F|  |TAMS 0x00000000ece00000, 0x00000000ece00000| Untracked 
| 207|0x00000000ecf00000, 0x00000000ecf00000, 0x00000000ed000000|  0%| F|  |TAMS 0x00000000ecf00000, 0x00000000ecf00000| Untracked 
| 208|0x00000000ed000000, 0x00000000ed000000, 0x00000000ed100000|  0%| F|  |TAMS 0x00000000ed000000, 0x00000000ed000000| Untracked 
| 209|0x00000000ed100000, 0x00000000ed100000, 0x00000000ed200000|  0%| F|  |TAMS 0x00000000ed100000, 0x00000000ed100000| Untracked 
| 210|0x00000000ed200000, 0x00000000ed200000, 0x00000000ed300000|  0%| F|  |TAMS 0x00000000ed200000, 0x00000000ed200000| Untracked 
| 211|0x00000000ed300000, 0x00000000ed300000, 0x00000000ed400000|  0%| F|  |TAMS 0x00000000ed300000, 0x00000000ed300000| Untracked 
| 212|0x00000000ed400000, 0x00000000ed400000, 0x00000000ed500000|  0%| F|  |TAMS 0x00000000ed400000, 0x00000000ed400000| Untracked 
| 213|0x00000000ed500000, 0x00000000ed500000, 0x00000000ed600000|  0%| F|  |TAMS 0x00000000ed500000, 0x00000000ed500000| Untracked 
| 214|0x00000000ed600000, 0x00000000ed600000, 0x00000000ed700000|  0%| F|  |TAMS 0x00000000ed600000, 0x00000000ed600000| Untracked 
| 215|0x00000000ed700000, 0x00000000ed700000, 0x00000000ed800000|  0%| F|  |TAMS 0x00000000ed700000, 0x00000000ed700000| Untracked 
| 216|0x00000000ed800000, 0x00000000ed800000, 0x00000000ed900000|  0%| F|  |TAMS 0x00000000ed800000, 0x00000000ed800000| Untracked 
| 217|0x00000000ed900000, 0x00000000ed900000, 0x00000000eda00000|  0%| F|  |TAMS 0x00000000ed900000, 0x00000000ed900000| Untracked 
| 218|0x00000000eda00000, 0x00000000eda00000, 0x00000000edb00000|  0%| F|  |TAMS 0x00000000eda00000, 0x00000000eda00000| Untracked 
| 219|0x00000000edb00000, 0x00000000edb00000, 0x00000000edc00000|  0%| F|  |TAMS 0x00000000edb00000, 0x00000000edb00000| Untracked 
| 220|0x00000000edc00000, 0x00000000edc00000, 0x00000000edd00000|  0%| F|  |TAMS 0x00000000edc00000, 0x00000000edc00000| Untracked 
| 221|0x00000000edd00000, 0x00000000edd00000, 0x00000000ede00000|  0%| F|  |TAMS 0x00000000edd00000, 0x00000000edd00000| Untracked 
| 222|0x00000000ede00000, 0x00000000ede00000, 0x00000000edf00000|  0%| F|  |TAMS 0x00000000ede00000, 0x00000000ede00000| Untracked 
| 223|0x00000000edf00000, 0x00000000edf00000, 0x00000000ee000000|  0%| F|  |TAMS 0x00000000edf00000, 0x00000000edf00000| Untracked 
| 224|0x00000000ee000000, 0x00000000ee000000, 0x00000000ee100000|  0%| F|  |TAMS 0x00000000ee000000, 0x00000000ee000000| Untracked 
| 225|0x00000000ee100000, 0x00000000ee100000, 0x00000000ee200000|  0%| F|  |TAMS 0x00000000ee100000, 0x00000000ee100000| Untracked 
| 226|0x00000000ee200000, 0x00000000ee200000, 0x00000000ee300000|  0%| F|  |TAMS 0x00000000ee200000, 0x00000000ee200000| Untracked 
| 227|0x00000000ee300000, 0x00000000ee300000, 0x00000000ee400000|  0%| F|  |TAMS 0x00000000ee300000, 0x00000000ee300000| Untracked 
| 228|0x00000000ee400000, 0x00000000ee400000, 0x00000000ee500000|  0%| F|  |TAMS 0x00000000ee400000, 0x00000000ee400000| Untracked 
| 229|0x00000000ee500000, 0x00000000ee500000, 0x00000000ee600000|  0%| F|  |TAMS 0x00000000ee500000, 0x00000000ee500000| Untracked 
| 230|0x00000000ee600000, 0x00000000ee600000, 0x00000000ee700000|  0%| F|  |TAMS 0x00000000ee600000, 0x00000000ee600000| Untracked 
| 231|0x00000000ee700000, 0x00000000ee700000, 0x00000000ee800000|  0%| F|  |TAMS 0x00000000ee700000, 0x00000000ee700000| Untracked 
| 232|0x00000000ee800000, 0x00000000ee800000, 0x00000000ee900000|  0%| F|  |TAMS 0x00000000ee800000, 0x00000000ee800000| Untracked 
| 233|0x00000000ee900000, 0x00000000ee900000, 0x00000000eea00000|  0%| F|  |TAMS 0x00000000ee900000, 0x00000000ee900000| Untracked 
| 234|0x00000000eea00000, 0x00000000eea00000, 0x00000000eeb00000|  0%| F|  |TAMS 0x00000000eea00000, 0x00000000eea00000| Untracked 
| 235|0x00000000eeb00000, 0x00000000eeb80800, 0x00000000eec00000| 50%| E|  |TAMS 0x00000000eeb00000, 0x00000000eeb00000| Complete 
| 236|0x00000000eec00000, 0x00000000eed00000, 0x00000000eed00000|100%| E|CS|TAMS 0x00000000eec00000, 0x00000000eec00000| Complete 
| 237|0x00000000eed00000, 0x00000000eee00000, 0x00000000eee00000|100%| E|CS|TAMS 0x00000000eed00000, 0x00000000eed00000| Complete 
| 238|0x00000000eee00000, 0x00000000eef00000, 0x00000000eef00000|100%| E|CS|TAMS 0x00000000eee00000, 0x00000000eee00000| Complete 
| 239|0x00000000eef00000, 0x00000000ef000000, 0x00000000ef000000|100%| E|CS|TAMS 0x00000000eef00000, 0x00000000eef00000| Complete 
| 240|0x00000000ef000000, 0x00000000ef100000, 0x00000000ef100000|100%| E|CS|TAMS 0x00000000ef000000, 0x00000000ef000000| Complete 
| 241|0x00000000ef100000, 0x00000000ef200000, 0x00000000ef200000|100%| E|CS|TAMS 0x00000000ef100000, 0x00000000ef100000| Complete 
| 242|0x00000000ef200000, 0x00000000ef300000, 0x00000000ef300000|100%| E|CS|TAMS 0x00000000ef200000, 0x00000000ef200000| Complete 
| 243|0x00000000ef300000, 0x00000000ef400000, 0x00000000ef400000|100%| E|CS|TAMS 0x00000000ef300000, 0x00000000ef300000| Complete 
| 244|0x00000000ef400000, 0x00000000ef500000, 0x00000000ef500000|100%| E|CS|TAMS 0x00000000ef400000, 0x00000000ef400000| Complete 
| 245|0x00000000ef500000, 0x00000000ef600000, 0x00000000ef600000|100%| E|CS|TAMS 0x00000000ef500000, 0x00000000ef500000| Complete 
| 246|0x00000000ef600000, 0x00000000ef700000, 0x00000000ef700000|100%| E|CS|TAMS 0x00000000ef600000, 0x00000000ef600000| Complete 
| 247|0x00000000ef700000, 0x00000000ef800000, 0x00000000ef800000|100%| E|CS|TAMS 0x00000000ef700000, 0x00000000ef700000| Complete 
| 248|0x00000000ef800000, 0x00000000ef900000, 0x00000000ef900000|100%| E|CS|TAMS 0x00000000ef800000, 0x00000000ef800000| Complete 
| 249|0x00000000ef900000, 0x00000000efa00000, 0x00000000efa00000|100%| E|CS|TAMS 0x00000000ef900000, 0x00000000ef900000| Complete 
| 250|0x00000000efa00000, 0x00000000efb00000, 0x00000000efb00000|100%| E|CS|TAMS 0x00000000efa00000, 0x00000000efa00000| Complete 
| 251|0x00000000efb00000, 0x00000000efc00000, 0x00000000efc00000|100%| E|CS|TAMS 0x00000000efb00000, 0x00000000efb00000| Complete 
| 252|0x00000000efc00000, 0x00000000efd00000, 0x00000000efd00000|100%| E|CS|TAMS 0x00000000efc00000, 0x00000000efc00000| Complete 
| 253|0x00000000efd00000, 0x00000000efe00000, 0x00000000efe00000|100%| E|CS|TAMS 0x00000000efd00000, 0x00000000efd00000| Complete 
| 254|0x00000000efe00000, 0x00000000eff00000, 0x00000000eff00000|100%| E|CS|TAMS 0x00000000efe00000, 0x00000000efe00000| Complete 
| 255|0x00000000eff00000, 0x00000000f0000000, 0x00000000f0000000|100%| E|CS|TAMS 0x00000000eff00000, 0x00000000eff00000| Complete 

Card table byte_map: [0x0000025ffa0c0000,0x0000025ffa1c0000] _byte_map_base: 0x0000025ff99c0000

Marking Bits (Prev, Next): (CMBitMap*) 0x0000025ff1949378, (CMBitMap*) 0x0000025ff19493b8
 Prev Bits: [0x0000025ffa2c0000, 0x0000025ffaac0000)
 Next Bits: [0x0000025ffaac0000, 0x0000025ffb2c0000)

Polling page: 0x0000025fef7f0000

Metaspace:

Usage:
  Non-class:     37.26 MB capacity,    36.54 MB ( 98%) used,   632.90 KB (  2%) free+waste,   110.38 KB ( <1%) overhead. 
      Class:      6.11 MB capacity,     5.69 MB ( 93%) used,   374.60 KB (  6%) free+waste,    55.69 KB ( <1%) overhead. 
       Both:     43.38 MB capacity,    42.23 MB ( 97%) used,  1007.50 KB (  2%) free+waste,   166.06 KB ( <1%) overhead. 

Virtual space:
  Non-class space:       38.00 MB reserved,      37.45 MB ( 99%) committed 
      Class space:      248.00 MB reserved,       6.13 MB (  2%) committed 
             Both:      286.00 MB reserved,      43.58 MB ( 15%) committed 

Chunk freelists:
   Non-Class:  1.00 KB
       Class:  0 bytes
        Both:  1.00 KB

MaxMetaspaceSize: 256.00 MB
CompressedClassSpaceSize: 248.00 MB

CodeHeap 'non-profiled nmethods': size=120000Kb used=4186Kb max_used=4464Kb free=115813Kb
 bounds [0x0000025f87ad0000, 0x0000025f87f30000, 0x0000025f8f000000]
CodeHeap 'profiled nmethods': size=120000Kb used=9919Kb max_used=11162Kb free=110080Kb
 bounds [0x0000025f805a0000, 0x0000025f81090000, 0x0000025f87ad0000]
CodeHeap 'non-nmethods': size=5760Kb used=2332Kb max_used=2413Kb free=3427Kb
 bounds [0x0000025f80000000, 0x0000025f80270000, 0x0000025f805a0000]
 total_blobs=5266 nmethods=4458 adapters=720
 compilation: enabled
              stopped_count=0, restarted_count=0
 full_count=0

Compilation events (20 events):
Event: 28.611 Thread 0x0000025ffd8c5800 5605       2       java.io.BufferedOutputStream::flushBuffer (29 bytes)
Event: 28.611 Thread 0x0000025ffd8c5800 nmethod 5605 0x0000025f80bc8510 code [0x0000025f80bc86a0, 0x0000025f80bc8808]
Event: 28.612 Thread 0x0000025ffd8c5800 5606       1       org.gradle.cache.internal.AsyncCacheAccessDecoratedCache::access$000 (5 bytes)
Event: 28.612 Thread 0x0000025ffd8c5800 nmethod 5606 0x0000025f87e01c10 code [0x0000025f87e01da0, 0x0000025f87e01e38]
Event: 28.612 Thread 0x0000025ffd8c5800 5607       1       com.google.common.cache.RemovalCause$2::wasEvicted (2 bytes)
Event: 28.612 Thread 0x0000025ffd8c5800 nmethod 5607 0x0000025f87e01910 code [0x0000025f87e01aa0, 0x0000025f87e01b78]
Event: 28.612 Thread 0x0000025ffd8c5800 5608       2       com.google.common.cache.LocalCache$Strength$1::referenceValue (28 bytes)
Event: 28.612 Thread 0x0000025ffd8c5800 nmethod 5608 0x0000025f80a79710 code [0x0000025f80a798c0, 0x0000025f80a79b88]
Event: 28.612 Thread 0x0000025ffd8c5800 5609       2       com.google.common.cache.LocalCache$StrongValueReference::<init> (10 bytes)
Event: 28.612 Thread 0x0000025ffd8c5800 nmethod 5609 0x0000025f80c21010 code [0x0000025f80c211a0, 0x0000025f80c212f8]
Event: 28.612 Thread 0x0000025ffd8c5800 5610       1       org.gradle.cache.internal.CacheAccessWorker::access$400 (5 bytes)
Event: 28.612 Thread 0x0000025ffd8c5800 nmethod 5610 0x0000025f87e01610 code [0x0000025f87e017a0, 0x0000025f87e01838]
Event: 28.612 Thread 0x0000025ffd8c5800 5611       1       org.gradle.cache.internal.CacheAccessWorker::access$300 (5 bytes)
Event: 28.612 Thread 0x0000025ffd8c5800 nmethod 5611 0x0000025f87e01110 code [0x0000025f87e012a0, 0x0000025f87e01338]
Event: 28.850 Thread 0x0000025ffd8c5800 5612       2       org.gradle.internal.classpath.InstrumentingTransformer$MethodVisitorScope::_INVOKESTATIC (12 bytes)
Event: 28.850 Thread 0x0000025ffd8c5800 nmethod 5612 0x0000025f80997190 code [0x0000025f80997320, 0x0000025f80997468]
Event: 28.932 Thread 0x0000025ffd8c5800 5613       2       org.objectweb.asm.MethodWriter::putMethodInfo (1274 bytes)
Event: 28.936 Thread 0x0000025ffd8c5800 nmethod 5613 0x0000025f80a36d90 code [0x0000025f80a372e0, 0x0000025f80a387c8]
Event: 28.937 Thread 0x0000025ffd8c5800 5614       3       org.objectweb.asm.ClassWriter::toByteArray (1513 bytes)
Event: 28.944 Thread 0x0000025ffd8c5800 nmethod 5614 0x0000025f81014a90 code [0x0000025f81015360, 0x0000025f810191c8]

GC Heap History (20 events):
Event: 20.673 GC heap before
{Heap before GC invocations=9 (full 0):
 garbage-first heap   total 262144K, used 193024K [0x00000000e0000000, 0x0000000100000000)
  region size 1024K, 153 young (156672K), 10 survivors (10240K)
 Metaspace       used 42824K, capacity 43942K, committed 44112K, reserved 292864K
  class space    used 5790K, capacity 6169K, committed 6272K, reserved 253952K
}
Event: 20.690 GC heap after
{Heap after GC invocations=10 (full 0):
 garbage-first heap   total 262144K, used 47005K [0x00000000e0000000, 0x0000000100000000)
  region size 1024K, 10 young (10240K), 10 survivors (10240K)
 Metaspace       used 42824K, capacity 43942K, committed 44112K, reserved 292864K
  class space    used 5790K, capacity 6169K, committed 6272K, reserved 253952K
}
Event: 21.720 GC heap before
{Heap before GC invocations=10 (full 0):
 garbage-first heap   total 262144K, used 193437K [0x00000000e0000000, 0x0000000100000000)
  region size 1024K, 153 young (156672K), 10 survivors (10240K)
 Metaspace       used 42825K, capacity 43942K, committed 44112K, reserved 292864K
  class space    used 5790K, capacity 6169K, committed 6272K, reserved 253952K
}
Event: 21.740 GC heap after
{Heap after GC invocations=11 (full 0):
 garbage-first heap   total 262144K, used 52665K [0x00000000e0000000, 0x0000000100000000)
  region size 1024K, 16 young (16384K), 16 survivors (16384K)
 Metaspace       used 42825K, capacity 43942K, committed 44112K, reserved 292864K
  class space    used 5790K, capacity 6169K, committed 6272K, reserved 253952K
}
Event: 22.837 GC heap before
{Heap before GC invocations=11 (full 0):
 garbage-first heap   total 262144K, used 192953K [0x00000000e0000000, 0x0000000100000000)
  region size 1024K, 153 young (156672K), 16 survivors (16384K)
 Metaspace       used 42833K, capacity 43942K, committed 44112K, reserved 292864K
  class space    used 5791K, capacity 6169K, committed 6272K, reserved 253952K
}
Event: 22.861 GC heap after
{Heap after GC invocations=12 (full 0):
 garbage-first heap   total 262144K, used 54990K [0x00000000e0000000, 0x0000000100000000)
  region size 1024K, 10 young (10240K), 10 survivors (10240K)
 Metaspace       used 42833K, capacity 43942K, committed 44112K, reserved 292864K
  class space    used 5791K, capacity 6169K, committed 6272K, reserved 253952K
}
Event: 23.865 GC heap before
{Heap before GC invocations=12 (full 0):
 garbage-first heap   total 262144K, used 201422K [0x00000000e0000000, 0x0000000100000000)
  region size 1024K, 153 young (156672K), 10 survivors (10240K)
 Metaspace       used 42835K, capacity 43942K, committed 44112K, reserved 292864K
  class space    used 5791K, capacity 6169K, committed 6272K, reserved 253952K
}
Event: 23.880 GC heap after
{Heap after GC invocations=13 (full 0):
 garbage-first heap   total 262144K, used 54910K [0x00000000e0000000, 0x0000000100000000)
  region size 1024K, 10 young (10240K), 10 survivors (10240K)
 Metaspace       used 42835K, capacity 43942K, committed 44112K, reserved 292864K
  class space    used 5791K, capacity 6169K, committed 6272K, reserved 253952K
}
Event: 25.168 GC heap before
{Heap before GC invocations=13 (full 0):
 garbage-first heap   total 262144K, used 205438K [0x00000000e0000000, 0x0000000100000000)
  region size 1024K, 153 young (156672K), 10 survivors (10240K)
 Metaspace       used 42921K, capacity 44091K, committed 44368K, reserved 292864K
  class space    used 5805K, capacity 6240K, committed 6272K, reserved 253952K
}
Event: 25.187 GC heap after
{Heap after GC invocations=14 (full 0):
 garbage-first heap   total 262144K, used 83655K [0x00000000e0000000, 0x0000000100000000)
  region size 1024K, 20 young (20480K), 20 survivors (20480K)
 Metaspace       used 42921K, capacity 44091K, committed 44368K, reserved 292864K
  class space    used 5805K, capacity 6240K, committed 6272K, reserved 253952K
}
Event: 25.534 GC heap before
{Heap before GC invocations=14 (full 0):
 garbage-first heap   total 262144K, used 195271K [0x00000000e0000000, 0x0000000100000000)
  region size 1024K, 129 young (132096K), 20 survivors (20480K)
 Metaspace       used 42947K, capacity 44091K, committed 44368K, reserved 292864K
  class space    used 5808K, capacity 6240K, committed 6272K, reserved 253952K
}
Event: 25.548 GC heap after
{Heap after GC invocations=15 (full 0):
 garbage-first heap   total 262144K, used 94720K [0x00000000e0000000, 0x0000000100000000)
  region size 1024K, 17 young (17408K), 17 survivors (17408K)
 Metaspace       used 42947K, capacity 44091K, committed 44368K, reserved 292864K
  class space    used 5808K, capacity 6240K, committed 6272K, reserved 253952K
}
Event: 27.435 GC heap before
{Heap before GC invocations=15 (full 0):
 garbage-first heap   total 262144K, used 194048K [0x00000000e0000000, 0x0000000100000000)
  region size 1024K, 110 young (112640K), 17 survivors (17408K)
 Metaspace       used 43218K, capacity 44419K, committed 44624K, reserved 292864K
  class space    used 5828K, capacity 6260K, committed 6272K, reserved 253952K
}
Event: 27.444 GC heap after
{Heap after GC invocations=16 (full 0):
 garbage-first heap   total 262144K, used 98630K [0x00000000e0000000, 0x0000000100000000)
  region size 1024K, 3 young (3072K), 3 survivors (3072K)
 Metaspace       used 43218K, capacity 44419K, committed 44624K, reserved 292864K
  class space    used 5828K, capacity 6260K, committed 6272K, reserved 253952K
}
Event: 28.099 GC heap before
{Heap before GC invocations=16 (full 0):
 garbage-first heap   total 262144K, used 200006K [0x00000000e0000000, 0x0000000100000000)
  region size 1024K, 100 young (102400K), 3 survivors (3072K)
 Metaspace       used 43241K, capacity 44419K, committed 44624K, reserved 292864K
  class space    used 5829K, capacity 6260K, committed 6272K, reserved 253952K
}
Event: 28.103 GC heap after
{Heap after GC invocations=17 (full 0):
 garbage-first heap   total 262144K, used 104219K [0x00000000e0000000, 0x0000000100000000)
  region size 1024K, 6 young (6144K), 6 survivors (6144K)
 Metaspace       used 43241K, capacity 44419K, committed 44624K, reserved 292864K
  class space    used 5829K, capacity 6260K, committed 6272K, reserved 253952K
}
Event: 28.458 GC heap before
{Heap before GC invocations=17 (full 0):
 garbage-first heap   total 262144K, used 202523K [0x00000000e0000000, 0x0000000100000000)
  region size 1024K, 103 young (105472K), 6 survivors (6144K)
 Metaspace       used 43242K, capacity 44419K, committed 44624K, reserved 292864K
  class space    used 5829K, capacity 6260K, committed 6272K, reserved 253952K
}
Event: 28.462 GC heap after
{Heap after GC invocations=18 (full 0):
 garbage-first heap   total 262144K, used 104643K [0x00000000e0000000, 0x0000000100000000)
  region size 1024K, 6 young (6144K), 6 survivors (6144K)
 Metaspace       used 43242K, capacity 44419K, committed 44624K, reserved 292864K
  class space    used 5829K, capacity 6260K, committed 6272K, reserved 253952K
}
Event: 28.999 GC heap before
{Heap before GC invocations=18 (full 0):
 garbage-first heap   total 262144K, used 207043K [0x00000000e0000000, 0x0000000100000000)
  region size 1024K, 107 young (109568K), 6 survivors (6144K)
 Metaspace       used 43245K, capacity 44419K, committed 44624K, reserved 292864K
  class space    used 5829K, capacity 6260K, committed 6272K, reserved 253952K
}
Event: 29.006 GC heap after
{Heap after GC invocations=19 (full 0):
 garbage-first heap   total 262144K, used 109056K [0x00000000e0000000, 0x0000000100000000)
  region size 1024K, 10 young (10240K), 10 survivors (10240K)
 Metaspace       used 43245K, capacity 44419K, committed 44624K, reserved 292864K
  class space    used 5829K, capacity 6260K, committed 6272K, reserved 253952K
}

Deoptimization events (20 events):
Event: 28.942 Thread 0x0000025f8f25a800 DEOPT PACKING pc=0x0000025f80f75470 sp=0x000000eeb5dfdef0
Event: 28.942 Thread 0x0000025f8f25a800 DEOPT UNPACKING pc=0x0000025f8004964e sp=0x000000eeb5dfd560 mode 0
Event: 28.958 Thread 0x0000025f8f25a800 DEOPT PACKING pc=0x0000025f80f7642e sp=0x000000eeb5dfdef0
Event: 28.958 Thread 0x0000025f8f25a800 DEOPT UNPACKING pc=0x0000025f8004964e sp=0x000000eeb5dfd560 mode 0
Event: 28.962 Thread 0x0000025f8f25a800 DEOPT PACKING pc=0x0000025f80f7642e sp=0x000000eeb5dfdef0
Event: 28.962 Thread 0x0000025f8f25a800 DEOPT UNPACKING pc=0x0000025f8004964e sp=0x000000eeb5dfd560 mode 0
Event: 28.972 Thread 0x0000025f8f25a800 DEOPT PACKING pc=0x0000025f80f7642e sp=0x000000eeb5dfdef0
Event: 28.972 Thread 0x0000025f8f25a800 DEOPT UNPACKING pc=0x0000025f8004964e sp=0x000000eeb5dfd560 mode 0
Event: 28.977 Thread 0x0000025f8f25a800 DEOPT PACKING pc=0x0000025f80f75470 sp=0x000000eeb5dfdef0
Event: 28.977 Thread 0x0000025f8f25a800 DEOPT UNPACKING pc=0x0000025f8004964e sp=0x000000eeb5dfd560 mode 0
Event: 28.980 Thread 0x0000025f8f25a800 DEOPT PACKING pc=0x0000025f80f75470 sp=0x000000eeb5dfdef0
Event: 28.980 Thread 0x0000025f8f25a800 DEOPT UNPACKING pc=0x0000025f8004964e sp=0x000000eeb5dfd560 mode 0
Event: 28.996 Thread 0x0000025f8f25a800 DEOPT PACKING pc=0x0000025f80f7642e sp=0x000000eeb5dfdef0
Event: 28.996 Thread 0x0000025f8f25a800 DEOPT UNPACKING pc=0x0000025f8004964e sp=0x000000eeb5dfd560 mode 0
Event: 28.998 Thread 0x0000025f8f25a800 DEOPT PACKING pc=0x0000025f80f7642e sp=0x000000eeb5dfdef0
Event: 28.998 Thread 0x0000025f8f25a800 DEOPT UNPACKING pc=0x0000025f8004964e sp=0x000000eeb5dfd560 mode 0
Event: 29.015 Thread 0x0000025f8f25a800 DEOPT PACKING pc=0x0000025f80f7642e sp=0x000000eeb5dfdef0
Event: 29.015 Thread 0x0000025f8f25a800 DEOPT UNPACKING pc=0x0000025f8004964e sp=0x000000eeb5dfd560 mode 0
Event: 29.020 Thread 0x0000025f8f25a800 DEOPT PACKING pc=0x0000025f80f7642e sp=0x000000eeb5dfdef0
Event: 29.020 Thread 0x0000025f8f25a800 DEOPT UNPACKING pc=0x0000025f8004964e sp=0x000000eeb5dfd560 mode 0

Classes unloaded (0 events):
No events

Classes redefined (0 events):
No events

Internal exceptions (20 events):
Event: 27.405 Thread 0x0000025ffe3f1000 Exception <a 'sun/nio/fs/WindowsException'{0x00000000ea989e80}> (0x00000000ea989e80) 
thrown [./open/src/hotspot/share/prims/jni.cpp, line 599]
Event: 27.447 Thread 0x0000025fffc5a800 Exception <a 'sun/nio/fs/WindowsException'{0x00000000eff92708}> (0x00000000eff92708) 
thrown [./open/src/hotspot/share/prims/jni.cpp, line 599]
Event: 27.538 Thread 0x0000025f8f25d800 Exception <a 'sun/nio/fs/WindowsException'{0x00000000ef189720}> (0x00000000ef189720) 
thrown [./open/src/hotspot/share/prims/jni.cpp, line 599]
Event: 27.593 Thread 0x0000025f8f25d800 Exception <a 'sun/nio/fs/WindowsException'{0x00000000ef189910}> (0x00000000ef189910) 
thrown [./open/src/hotspot/share/prims/jni.cpp, line 599]
Event: 27.594 Thread 0x0000025f8f259800 Exception <a 'sun/nio/fs/WindowsException'{0x00000000ef0a36b8}> (0x00000000ef0a36b8) 
thrown [./open/src/hotspot/share/prims/jni.cpp, line 599]
Event: 27.594 Thread 0x0000025f8f259800 Exception <a 'sun/nio/fs/WindowsException'{0x00000000ef0a3918}> (0x00000000ef0a3918) 
thrown [./open/src/hotspot/share/prims/jni.cpp, line 599]
Event: 27.710 Thread 0x0000025fffc60000 Exception <a 'sun/nio/fs/WindowsException'{0x00000000ee0c2790}> (0x00000000ee0c2790) 
thrown [./open/src/hotspot/share/prims/jni.cpp, line 599]
Event: 27.729 Thread 0x0000025f8f257000 Exception <a 'sun/nio/fs/WindowsException'{0x00000000ed945658}> (0x00000000ed945658) 
thrown [./open/src/hotspot/share/prims/jni.cpp, line 599]
Event: 27.729 Thread 0x0000025f8f257000 Exception <a 'sun/nio/fs/WindowsException'{0x00000000ed945828}> (0x00000000ed945828) 
thrown [./open/src/hotspot/share/prims/jni.cpp, line 599]
Event: 27.730 Thread 0x0000025fffc60000 Exception <a 'sun/nio/fs/WindowsException'{0x00000000ee0c2930}> (0x00000000ee0c2930) 
thrown [./open/src/hotspot/share/prims/jni.cpp, line 599]
Event: 27.731 Thread 0x0000025f8f25e800 Exception <a 'sun/nio/fs/WindowsException'{0x00000000eeb825e0}> (0x00000000eeb825e0) 
thrown [./open/src/hotspot/share/prims/jni.cpp, line 599]
Event: 27.732 Thread 0x0000025f8f25e800 Exception <a 'sun/nio/fs/WindowsException'{0x00000000eeb827a0}> (0x00000000eeb827a0) 
thrown [./open/src/hotspot/share/prims/jni.cpp, line 599]
Event: 28.162 Thread 0x0000025f8f258800 Exception <a 'sun/nio/fs/WindowsException'{0x00000000eed4e5a8}> (0x00000000eed4e5a8) 
thrown [./open/src/hotspot/share/prims/jni.cpp, line 599]
Event: 28.180 Thread 0x0000025f8f258800 Exception <a 'sun/nio/fs/WindowsException'{0x00000000eedce9c0}> (0x00000000eedce9c0) 
thrown [./open/src/hotspot/share/prims/jni.cpp, line 599]
Event: 28.202 Thread 0x0000025fffc5c000 Exception <a 'sun/nio/fs/WindowsException'{0x00000000ee6cd220}> (0x00000000ee6cd220) 
thrown [./open/src/hotspot/share/prims/jni.cpp, line 599]
Event: 28.202 Thread 0x0000025fffc5c000 Exception <a 'sun/nio/fs/WindowsException'{0x00000000ee6cd3e0}> (0x00000000ee6cd3e0) 
thrown [./open/src/hotspot/share/prims/jni.cpp, line 599]
Event: 28.495 Thread 0x0000025fffc61000 Exception <a 'sun/nio/fs/WindowsException'{0x00000000ef848060}> (0x00000000ef848060) 
thrown [./open/src/hotspot/share/prims/jni.cpp, line 599]
Event: 28.602 Thread 0x0000025fffc61000 Exception <a 'sun/nio/fs/WindowsException'{0x00000000ef8481f0}> (0x00000000ef8481f0) 
thrown [./open/src/hotspot/share/prims/jni.cpp, line 599]
Event: 28.609 Thread 0x0000025fffc5d800 Exception <a 'sun/nio/fs/WindowsException'{0x00000000eda534a0}> (0x00000000eda534a0) 
thrown [./open/src/hotspot/share/prims/jni.cpp, line 599]
Event: 28.610 Thread 0x0000025fffc5d800 Exception <a 'sun/nio/fs/WindowsException'{0x00000000eda53690}> (0x00000000eda53690) 
thrown [./open/src/hotspot/share/prims/jni.cpp, line 599]

Events (20 events):
Event: 26.968 Thread 0x0000025ffd8cb000 flushing nmethod 0x0000025f8104dd10
Event: 26.968 Thread 0x0000025ffd8cb000 flushing nmethod 0x0000025f8104e290
Event: 26.968 Thread 0x0000025ffd8cb000 flushing nmethod 0x0000025f8104e690
Event: 26.968 Thread 0x0000025ffd8cb000 flushing nmethod 0x0000025f81052490
Event: 26.968 Thread 0x0000025ffd8cb000 flushing nmethod 0x0000025f81052d10
Event: 26.968 Thread 0x0000025ffd8cb000 flushing nmethod 0x0000025f81054490
Event: 26.968 Thread 0x0000025ffd8cb000 flushing nmethod 0x0000025f81056d90
Event: 26.968 Thread 0x0000025ffd8cb000 flushing nmethod 0x0000025f81057990
Event: 26.969 Thread 0x0000025ffd8cb000 flushing nmethod 0x0000025f81058890
Event: 26.969 Thread 0x0000025ffd8cb000 flushing nmethod 0x0000025f8105a290
Event: 26.969 Thread 0x0000025ffd8cb000 flushing nmethod 0x0000025f81060510
Event: 27.435 Executing VM operation: G1CollectForAllocation
Event: 27.447 Executing VM operation: G1CollectForAllocation done
Event: 27.551 Loaded shared library C:\Program Files\Java\jdk-14.0.2\bin\nio.dll
Event: 28.092 Executing VM operation: G1CollectForAllocation
Event: 28.106 Executing VM operation: G1CollectForAllocation done
Event: 28.458 Executing VM operation: G1CollectForAllocation
Event: 28.462 Executing VM operation: G1CollectForAllocation done
Event: 28.999 Executing VM operation: G1CollectForAllocation
Event: 29.006 Executing VM operation: G1CollectForAllocation done


Dynamic libraries:
0x00007ff6c5a50000 - 0x00007ff6c5a5f000 	C:\Program Files\Java\jdk-14.0.2\bin\java.exe
0x00007fff3d3c0000 - 0x00007fff3d5b0000 	C:\Windows\SYSTEM32\ntdll.dll
0x00007fff3cfa0000 - 0x00007fff3d052000 	C:\Windows\System32\KERNEL32.DLL
0x00007fff3acd0000 - 0x00007fff3af73000 	C:\Windows\System32\KERNELBASE.dll
0x00007fff3af80000 - 0x00007fff3b07a000 	C:\Windows\System32\ucrtbase.dll
0x00007fff32b30000 - 0x00007fff32b48000 	C:\Program Files\Java\jdk-14.0.2\bin\jli.dll
0x00007fff2d150000 - 0x00007fff2d165000 	C:\Program Files\Java\jdk-14.0.2\bin\VCRUNTIME140.dll
0x00007fff3bf90000 - 0x00007fff3c033000 	C:\Windows\System32\ADVAPI32.dll
0x00007fff3be90000 - 0x00007fff3bf2e000 	C:\Windows\System32\msvcrt.dll
0x00007fff3c5a0000 - 0x00007fff3c637000 	C:\Windows\System32\sechost.dll
0x00007fff3c140000 - 0x00007fff3c260000 	C:\Windows\System32\RPCRT4.dll
0x00007fff3d060000 - 0x00007fff3d1f3000 	C:\Windows\System32\USER32.dll
0x00007fff3b080000 - 0x00007fff3b0a1000 	C:\Windows\System32\win32u.dll
0x00007fff2b450000 - 0x00007fff2b6d5000 	C:\Windows\WinSxS\amd64_microsoft.windows.common-controls_6595b64144ccf1df_6.0.18362.388_none_e6c6afa5130d5b6d\COMCTL32.dll
0x00007fff3c040000 - 0x00007fff3c066000 	C:\Windows\System32\GDI32.dll
0x00007fff3c260000 - 0x00007fff3c596000 	C:\Windows\System32\combase.dll
0x00007fff3b230000 - 0x00007fff3b3c4000 	C:\Windows\System32\gdi32full.dll
0x00007fff3a380000 - 0x00007fff3a400000 	C:\Windows\System32\bcryptPrimitives.dll
0x00007fff3b3d0000 - 0x00007fff3b46e000 	C:\Windows\System32\msvcp_win.dll
0x00007fff30950000 - 0x00007fff3095a000 	C:\Windows\SYSTEM32\VERSION.dll
0x00007fff3bf60000 - 0x00007fff3bf8e000 	C:\Windows\System32\IMM32.DLL
0x00007fff17be0000 - 0x00007fff17c7b000 	C:\Program Files\Java\jdk-14.0.2\bin\msvcp140.dll
0x00007ffed0b20000 - 0x00007ffed163e000 	C:\Program Files\Java\jdk-14.0.2\bin\server\jvm.dll
0x00007fff3b5d0000 - 0x00007fff3b5d8000 	C:\Windows\System32\PSAPI.DLL
0x00007fff36290000 - 0x00007fff36299000 	C:\Windows\SYSTEM32\WSOCK32.dll
0x00007fff36450000 - 0x00007fff36474000 	C:\Windows\SYSTEM32\WINMM.dll
0x00007fff3d2b0000 - 0x00007fff3d31f000 	C:\Windows\System32\WS2_32.dll
0x00007fff36420000 - 0x00007fff3644d000 	C:\Windows\SYSTEM32\winmmbase.dll
0x00007fff3b1e0000 - 0x00007fff3b22a000 	C:\Windows\System32\cfgmgr32.dll
0x00007fff3a2c0000 - 0x00007fff3a2d1000 	C:\Windows\System32\kernel.appcore.dll
0x00007fff34f40000 - 0x00007fff34f4a000 	C:\Program Files\Java\jdk-14.0.2\bin\jimage.dll
0x00007fff1dfc0000 - 0x00007fff1e1b4000 	C:\Windows\SYSTEM32\DBGHELP.DLL
0x00007fff1de70000 - 0x00007fff1de9a000 	C:\Windows\SYSTEM32\dbgcore.DLL
0x00007fff29d70000 - 0x00007fff29d95000 	C:\Program Files\Java\jdk-14.0.2\bin\java.dll
0x00007fff2b6f0000 - 0x00007fff2b706000 	C:\Program Files\Java\jdk-14.0.2\bin\zip.dll
0x00007fff3b6d0000 - 0x00007fff3bdb5000 	C:\Windows\System32\SHELL32.dll
0x00007fff3c800000 - 0x00007fff3c8a9000 	C:\Windows\System32\shcore.dll
0x00007fff3a550000 - 0x00007fff3accf000 	C:\Windows\System32\windows.storage.dll
0x00007fff3a2a0000 - 0x00007fff3a2bf000 	C:\Windows\System32\profapi.dll
0x00007fff3a2e0000 - 0x00007fff3a32a000 	C:\Windows\System32\powrprof.dll
0x00007fff3a290000 - 0x00007fff3a2a0000 	C:\Windows\System32\UMPDC.dll
0x00007fff3c910000 - 0x00007fff3c962000 	C:\Windows\System32\shlwapi.dll
0x00007fff3b160000 - 0x00007fff3b177000 	C:\Windows\System32\cryptsp.dll
0x00007fff2b400000 - 0x00007fff2b419000 	C:\Program Files\Java\jdk-14.0.2\bin\net.dll
0x00007fff33310000 - 0x00007fff33400000 	C:\Windows\SYSTEM32\WINHTTP.dll
0x00007fff39ab0000 - 0x00007fff39b17000 	C:\Windows\system32\mswsock.dll
0x00007fff29d50000 - 0x00007fff29d62000 	C:\Program Files\Java\jdk-14.0.2\bin\nio.dll
0x00007fff34ef0000 - 0x00007fff34f00000 	C:\Program Files\Java\jdk-14.0.2\bin\verify.dll
0x00007fff34f50000 - 0x00007fff34f77000 	C:\Users\Administrator\.gradle\native\fdc75f09e3144964f2cf3f50f0aa648679c211496f362492102eb8c894070792\windows-amd64\native-platform.dll
0x00007ffefea70000 - 0x00007ffefec06000 	C:\Users\Administrator\.gradle\native\12488b8bf47d2d4c9fbf2f6322a914ad602e24e48041cd04a747c6da556b65c4\windows-amd64\native-platform-file-events.dll
0x00007fff34b60000 - 0x00007fff34b69000 	C:\Program Files\Java\jdk-14.0.2\bin\management.dll
0x00007fff32c80000 - 0x00007fff32c8b000 	C:\Program Files\Java\jdk-14.0.2\bin\management_ext.dll
0x00007fff39630000 - 0x00007fff39663000 	C:\Windows\system32\rsaenh.dll
0x00007fff3a350000 - 0x00007fff3a376000 	C:\Windows\System32\bcrypt.dll
0x00007fff3a1b0000 - 0x00007fff3a1d5000 	C:\Windows\SYSTEM32\USERENV.dll
0x00007fff39c30000 - 0x00007fff39c3c000 	C:\Windows\SYSTEM32\CRYPTBASE.dll
0x00007fff397d0000 - 0x00007fff3980a000 	C:\Windows\SYSTEM32\IPHLPAPI.DLL
0x00007fff3bf30000 - 0x00007fff3bf38000 	C:\Windows\System32\NSI.dll
0x00007fff31590000 - 0x00007fff315a6000 	C:\Windows\SYSTEM32\dhcpcsvc6.DLL
0x00007fff31610000 - 0x00007fff3162c000 	C:\Windows\SYSTEM32\dhcpcsvc.DLL
0x00007fff39810000 - 0x00007fff398da000 	C:\Windows\SYSTEM32\DNSAPI.dll
0x00007fff32db0000 - 0x00007fff32dbb000 	C:\Windows\SYSTEM32\WINNSI.DLL

dbghelp: loaded successfully - version: 4.0.5 - missing functions: none
symbol engine: initialized successfully - sym options: 0x614 - pdb path: .;C:\Program Files\Java\jdk-14.0.2\bin;C:\Windows\SYSTEM32;C:\Windows\WinSxS\amd64_microsoft.windows.common-controls_6595b64144ccf1df_6.0.18362.388_none_e6c6afa5130d5b6d;C:\Program Files\Java\jdk-14.0.2\bin\server;C:\Users\Administrator\.gradle\native\fdc75f09e3144964f2cf3f50f0aa648679c211496f362492102eb8c894070792\windows-amd64;C:\Users\Administrator\.gradle\native\12488b8bf47d2d4c9fbf2f6322a914ad602e24e48041cd04a747c6da556b65c4\windows-amd64

VM Arguments:
jvm_args: --add-opens=java.base/java.util=ALL-UNNAMED --add-opens=java.base/java.lang=ALL-UNNAMED --add-opens=java.base/java.lang.invoke=ALL-UNNAMED --add-opens=java.prefs/java.util.prefs=ALL-UNNAMED -XX:MaxMetaspaceSize=256m -XX:+HeapDumpOnOutOfMemoryError -Xms256m -Xmx512m -Dfile.encoding=windows-1252 -Duser.country=US -Duser.language=en -Duser.variant 
java_command: org.gradle.launcher.daemon.bootstrap.GradleDaemon 6.7
java_class_path (initial): C:\Users\Administrator\.gradle\wrapper\dists\gradle-6.7-bin\efvqh8uyq79v2n7rcncuhu9sv\gradle-6.7\lib\gradle-launcher-6.7.jar
Launcher Type: SUN_STANDARD

[Global flags]
     intx CICompilerCount                          = 3                                         {product} {ergonomic}
   size_t CompressedClassSpaceSize                 = 260046848                                 {product} {ergonomic}
     uint ConcGCThreads                            = 1                                         {product} {ergonomic}
     uint G1ConcRefinementThreads                  = 4                                         {product} {ergonomic}
   size_t G1HeapRegionSize                         = 1048576                                   {product} {ergonomic}
    uintx GCDrainStackTargetSize                   = 64                                        {product} {ergonomic}
     bool HeapDumpOnOutOfMemoryError               = true                                   {manageable} {command line}
   size_t InitialHeapSize                          = 268435456                                 {product} {command line}
   size_t MarkStackSize                            = 4194304                                   {product} {ergonomic}
   size_t MaxHeapSize                              = 536870912                                 {product} {command line}
   size_t MaxMetaspaceSize                         = 268435456                                 {product} {command line}
   size_t MaxNewSize                               = 321912832                                 {product} {ergonomic}
   size_t MinHeapDeltaBytes                        = 1048576                                   {product} {ergonomic}
   size_t MinHeapSize                              = 268435456                                 {product} {command line}
    uintx NonNMethodCodeHeapSize                   = 5832780                                {pd product} {ergonomic}
    uintx NonProfiledCodeHeapSize                  = 122912730                              {pd product} {ergonomic}
    uintx ProfiledCodeHeapSize                     = 122912730                              {pd product} {ergonomic}
    uintx ReservedCodeCacheSize                    = 251658240                              {pd product} {ergonomic}
     bool SegmentedCodeCache                       = true                                      {product} {ergonomic}
   size_t SoftMaxHeapSize                          = 536870912                              {manageable} {ergonomic}
     bool UseCompressedClassPointers               = true                                 {lp64_product} {ergonomic}
     bool UseCompressedOops                        = true                                 {lp64_product} {ergonomic}
     bool UseG1GC                                  = true                                      {product} {ergonomic}
     bool UseLargePagesIndividualAllocation        = false                                  {pd product} {ergonomic}

Logging:
Log output configuration:
 #0: stdout all=warning uptime,level,tags
 #1: stderr all=off uptime,level,tags

Environment Variables:
PATH=C:\Program Files (x86)\Common Files\Oracle\Java\javapath;C:\Windows\system32;C:\Windows;C:\Windows\System32\Wbem;C:\Windows\System32\WindowsPowerShell\v1.0\;C:\Windows\System32\OpenSSH\;C:\Gradle\gradle-6.8.3\bin;C:\Program Files\Git\cmd;C:\Program Files\Docker\Docker\resources\bin;C:\ProgramData\DockerDesktop\version-bin;C:\Users\Administrator\AppData\Local\Microsoft\WindowsApps;C:\Users\Administrator\AppData\Local\Programs\Microsoft VS Code\bin;C:\Users\Administrator\AppData\Roaming\Dashlane\6.2026.0.36165\bin\Firefox_Extension\{442718d9-475e-452a-b3e1-fb1ee16b8e9f}\components;C:\Users\Administrator\AppData\Roaming\Dashlane\6.2026.0.36165\ucrt;C:\Users\Administrator\AppData\Roaming\Dashlane\6.2026.0.36165\bin\Qt;C:\Users\Administrator\AppData\Roaming\Dashlane\6.2026.0.36165\ucrt;C:\Users\Administrator\AppData\Roaming\Dashlane\6.2026.0.36165\bin\Ssl;C:\Gradle\gradle-6.8.3\bin;C:\Program Files\heroku\bin
USERNAME=Administrator
OS=Windows_NT
PROCESSOR_IDENTIFIER=Intel64 Family 6 Model 61 Stepping 4, GenuineIntel



---------------  S Y S T E M  ---------------

OS: Windows 10 , 64 bit Build 18362 (10.0.18362.329)
OS uptime: 0 days 3:20 hours
HyperV virtualization detected

CPU:total 4 (initial active 4) (2 cores per cpu, 2 threads per core) family 6 model 61 stepping 4, cmov, cx8, fxsr, mmx, sse, sse2, sse3, ssse3, sse4.1, sse4.2, popcnt, avx, avx2, aes, clmul, erms, rtm, 3dnowpref, lzcnt, ht, tsc, tscinvbit, bmi1, bmi2, adx, fma

Memory: 4k page, system-wide physical 16258M (6656M free)
TotalPageFile size 18690M (AvailPageFile size 8450M)
current process WorkingSet (physical memory assigned to process): 500M, peak: 577M
current process commit charge ("private bytes"): 559M, peak: 913M

vm_info: Java HotSpot(TM) 64-Bit Server VM (14.0.2+12-46) for windows-amd64 JRE (14.0.2+12-46), built on Jul  9 2020 00:35:52 by "mach5one" with MS VC++ 15.9 (VS2017)

END.
